#
# A fatal error has been detected by the Java Runtime Environment:
#
#  EXCEPTION_ACCESS_VIOLATION (0xc0000005) at pc=0x00007fff29e54174, pid=27060, tid=33776
#
# JRE version: OpenJDK Runtime Environment Temurin-17.0.6+10 (17.0.6+10) (build 17.0.6+10)
# Java VM: OpenJDK 64-Bit Server VM Temurin-17.0.6+10 (17.0.6+10, mixed mode, tiered, compressed oops, compressed class ptrs, g1 gc, windows-amd64)
# Problematic frame:
# C  [Windows.Media.MediaControl.dll+0x4174]
#
# No core dump will be written. Minidumps are not enabled by default on client versions of Windows
#
# If you would like to submit a bug report, please visit:
#   https://github.com/adoptium/adoptium-support/issues
#

---------------  S U M M A R Y ------------

Command Line: -Djava.library.path=C:\Users\Trung\Downloads\opencv\build\java\x64 -Dfile.encoding=UTF-8 -XX:+ShowCodeDetailsInExceptionMessages client.LoginForm

Host: 11th Gen Intel(R) Core(TM) i5-11400H @ 2.70GHz, 12 cores, 7G,  Windows 11 , 64 bit Build 22621 (10.0.22621.4391)
Time: Mon Nov 25 02:15:59 2024 SE Asia Standard Time elapsed time: 115.643009 seconds (0d 0h 1m 55s)

---------------  T H R E A D  ---------------

Current thread (0x000002573b38abc0):  VMThread "VM Thread" [stack: 0x000000d403200000,0x000000d403300000] [id=33776]

Stack: [0x000000d403200000,0x000000d403300000],  sp=0x000000d4032feb20,  free space=1018k
Native frames: (J=compiled Java code, j=interpreted, Vv=VM code, C=native code)
C  [Windows.Media.MediaControl.dll+0x4174]


siginfo: EXCEPTION_ACCESS_VIOLATION (0xc0000005), reading address 0x0000000000000000


Register to memory mapping:

RIP=0x00007fff29e54174 Windows.Media.MediaControl.dll
RAX=0x00007fff29ead588 Windows.Media.MediaControl.dll
RBX=0x0000025744c5fa80 points into unknown readable memory: 0x00007fff29ead7f8 | f8 d7 ea 29 ff 7f 00 00
RCX=0x0 is NULL
RDX=0x0000000000000201 is an unknown value
RSP=0x000000d4032feb20 points into unknown readable memory: 0x0000000000000000 | 00 00 00 00 00 00 00 00
RBP=0x00000257451553d0 points into unknown readable memory: 0x00007fff29ead270 | 70 d2 ea 29 ff 7f 00 00
RSI=0x0 is NULL
RDI=0x0000000000000001 is an unknown value
R8 =0x0 is NULL
R9 =0x00007fff29e541f0 Windows.Media.MediaControl.dll
R10=0xbd1c0e5d7c50e970 is an unknown value
R11=0x000000d4032febf0 points into unknown readable memory: 0x0000000000000001 | 01 00 00 00 00 00 00 00
R12=0x0 is NULL
R13=0x00000257450df130 points into unknown readable memory: 0x00000257452d19a8 | a8 19 2d 45 57 02 00 00
R14=0x00007fff29e541f0 Windows.Media.MediaControl.dll
R15=0x0 is NULL


Registers:
RAX=0x00007fff29ead588, RBX=0x0000025744c5fa80, RCX=0x0000000000000000, RDX=0x0000000000000201
RSP=0x000000d4032feb20, RBP=0x00000257451553d0, RSI=0x0000000000000000, RDI=0x0000000000000001
R8 =0x0000000000000000, R9 =0x00007fff29e541f0, R10=0xbd1c0e5d7c50e970, R11=0x000000d4032febf0
R12=0x0000000000000000, R13=0x00000257450df130, R14=0x00007fff29e541f0, R15=0x0000000000000000
RIP=0x00007fff29e54174, EFLAGS=0x0000000000010246

Top of Stack: (sp=0x000000d4032feb20)
0x000000d4032feb20:   0000000000000000 00007fff794f33b2
0x000000d4032feb30:   0000000000000000 0000000000000000
0x000000d4032feb40:   0000025745757558 00007fff29e53e84
0x000000d4032feb50:   0000000000000000 0000000000000008
0x000000d4032feb60:   0000000000000000 0000000000000000
0x000000d4032feb70:   0000000000000000 00007fff29e5422d
0x000000d4032feb80:   0000025744d6f8d0 00007fff794cc360
0x000000d4032feb90:   00000257452d9aaf 0000025700000000
0x000000d4032feba0:   00000257450df130 00007fff29e556b4
0x000000d4032febb0:   00000257452d9a60 00007fff794cb001
0x000000d4032febc0:   00000257452d681f 0000025700000007
0x000000d4032febd0:   0000000000000000 0000000000000000
0x000000d4032febe0:   0000000000000000 0000025745155458
0x000000d4032febf0:   0000000000000001 0000025744c5fa80
0x000000d4032fec00:   0000025745757550 00007fff29e5368e
0x000000d4032fec10:   0000025745757558 0000000000000008 

Instructions: (pc=0x00007fff29e54174)
0x00007fff29e54074:   cc cc cc cc 71 b1 5e 36 10 1f ac ba 40 53 48 83
0x00007fff29e54084:   ec 20 8b 51 0c 81 fa ff ff ff 7f 74 12 44 8d 42
0x00007fff29e54094:   ff 8b c2 f0 44 0f b1 41 0c 0f 85 2d 90 00 00 8d
0x00007fff29e540a4:   5a ff 85 db 74 09 8b c3 48 83 c4 20 5b c3 cc 48
0x00007fff29e540b4:   85 c9 74 1c 48 8b 01 49 ba 70 e9 50 7c 5d 0e 1c
0x00007fff29e540c4:   bd 48 8b 40 20 ba 01 00 00 00 ff 15 5c c4 06 00
0x00007fff29e540d4:   48 8b 0d e5 48 08 00 48 85 c9 74 ca 48 8b 11 49
0x00007fff29e540e4:   ba 70 b0 5f 14 26 1e 8d d6 48 8b 42 10 ff 15 39
0x00007fff29e540f4:   c4 06 00 eb b1 cc cc cc cc cc cc cc cc cc cc cc
0x00007fff29e54104:   cc cc cc cc 71 d8 da 56 73 b6 41 fd 8b 41 0c 3d
0x00007fff29e54114:   ff ff ff 7f 74 12 8d 50 01 f0 0f b1 51 0c 0f 85
0x00007fff29e54124:   bc 8f 00 00 8b c2 c3 cc b8 ff ff ff 7f c3 cc cc
0x00007fff29e54134:   cc cc cc cc 71 e9 50 7c 5d 0e 1c bd 48 89 5c 24
0x00007fff29e54144:   08 48 89 74 24 10 57 48 83 ec 20 8b fa 48 8b d9
0x00007fff29e54154:   48 8d 05 2d 94 05 00 48 89 41 30 8b 51 38 33 f6
0x00007fff29e54164:   85 d2 74 26 39 71 3c 7c 1e 48 8b 0d bc 48 08 00
0x00007fff29e54174:   48 8b 01 49 ba 70 fa dd 56 c0 0e 99 82 48 8b 40
0x00007fff29e54184:   20 ff 15 a5 c3 06 00 89 73 38 c7 43 2c 01 00 00
0x00007fff29e54194:   c0 48 8b 4b 20 48 85 c9 74 1c 48 89 73 20 48 8b
0x00007fff29e541a4:   01 49 ba 70 b1 5e 36 10 1f ac ba 48 8b 40 10 ff
0x00007fff29e541b4:   15 77 c3 06 00 90 40 f6 c7 01 74 0d ba 40 00 00
0x00007fff29e541c4:   00 48 8b cb e8 5b 19 00 00 48 8b c3 48 8b 5c 24
0x00007fff29e541d4:   30 48 8b 74 24 38 48 83 c4 20 5f c3 cc cc cc cc
0x00007fff29e541e4:   cc cc cc cc 71 90 5b 12 e7 9e 70 ce e9 0b 00 00
0x00007fff29e541f4:   00 cc cc cc cc cc cc cc cc cc cc cc 48 83 ec 28
0x00007fff29e54204:   48 8b c1 48 8b 09 48 85 c9 74 25 48 c7 00 00 00
0x00007fff29e54214:   00 00 48 8b 01 49 ba 70 b1 5e 36 10 1f ac ba 48
0x00007fff29e54224:   8b 40 10 ff 15 03 c3 06 00 90 48 83 c4 28 c3 cc
0x00007fff29e54234:   33 c0 eb f6 71 d8 da 56 73 b6 41 fd 8b 41 0c 3d
0x00007fff29e54244:   ff ff ff 7f 74 12 8d 50 01 f0 0f b1 51 0c 0f 85
0x00007fff29e54254:   a0 8e 00 00 8b c2 c3 cc b8 ff ff ff 7f c3 cc cc
0x00007fff29e54264:   cc cc cc cc 71 d8 da 56 73 b6 41 fd 8b 41 2c 3d 


Stack slot to memory mapping:
stack at sp + 0 slots: 0x0 is NULL
stack at sp + 1 slots: 0x00007fff794f33b2 ntdll.dll
stack at sp + 2 slots: 0x0 is NULL
stack at sp + 3 slots: 0x0 is NULL
stack at sp + 4 slots: 0x0000025745757558 points into unknown readable memory: 0x0000000000000000 | 00 00 00 00 00 00 00 00
stack at sp + 5 slots: 0x00007fff29e53e84 Windows.Media.MediaControl.dll
stack at sp + 6 slots: 0x0 is NULL
stack at sp + 7 slots: 0x0000000000000008 is an unknown value

VM_Operation (0x000000d4042fe5e0): Exit, mode: safepoint, requested by thread 0x000002573c394c30


---------------  P R O C E S S  ---------------

Threads class SMR info:
_java_thread_list=0x000002574755a710, length=21, elements={
0x000002573b38ead0, 0x000002573b38fd30, 0x000002573bc51c50, 0x000002573bc56530,
0x000002573bc56df0, 0x000002573bc59170, 0x000002573bc5ff70, 0x000002573bc6b010,
0x000002573bdd9490, 0x000002573bdeda80, 0x000002573c2ecfc0, 0x000002573c2ed490,
0x000002573c394c30, 0x00000257210c2380, 0x000002573ca4ea90, 0x000002573c6ed0b0,
0x000002573c6edf20, 0x000002573c6ee8c0, 0x000002573c6ebd70, 0x000002573c6eaf00,
0x000002573c6ec240
}

Java Threads: ( => current thread )
  0x000002573b38ead0 JavaThread "Reference Handler" daemon [_thread_blocked, id=34764, stack(0x000000d403300000,0x000000d403400000)]
  0x000002573b38fd30 JavaThread "Finalizer" daemon [_thread_blocked, id=33552, stack(0x000000d403400000,0x000000d403500000)]
  0x000002573bc51c50 JavaThread "Attach Listener" daemon [_thread_blocked, id=25140, stack(0x000000d403600000,0x000000d403700000)]
  0x000002573bc56530 JavaThread "Service Thread" daemon [_thread_blocked, id=19064, stack(0x000000d403700000,0x000000d403800000)]
  0x000002573bc56df0 JavaThread "Monitor Deflation Thread" daemon [_thread_blocked, id=27868, stack(0x000000d403800000,0x000000d403900000)]
  0x000002573bc59170 JavaThread "C2 CompilerThread0" daemon [_thread_blocked, id=23016, stack(0x000000d403900000,0x000000d403a00000)]
  0x000002573bc5ff70 JavaThread "C1 CompilerThread0" daemon [_thread_blocked, id=28452, stack(0x000000d403a00000,0x000000d403b00000)]
  0x000002573bc6b010 JavaThread "Sweeper thread" daemon [_thread_blocked, id=18488, stack(0x000000d403b00000,0x000000d403c00000)]
  0x000002573bdd9490 JavaThread "Notification Thread" daemon [_thread_blocked, id=16388, stack(0x000000d403c00000,0x000000d403d00000)]
  0x000002573bdeda80 JavaThread "Common-Cleaner" daemon [_thread_blocked, id=22568, stack(0x000000d403e00000,0x000000d403f00000)]
  0x000002573c2ecfc0 JavaThread "Java2D Disposer" daemon [_thread_blocked, id=32916, stack(0x000000d403f00000,0x000000d404000000)]
  0x000002573c2ed490 JavaThread "AWT-Shutdown" [_thread_blocked, id=27844, stack(0x000000d404000000,0x000000d404100000)]
  0x000002573c394c30 JavaThread "AWT-EventQueue-0" [_thread_blocked, id=32312, stack(0x000000d404200000,0x000000d404300000)]
  0x00000257210c2380 JavaThread "DestroyJavaVM" [_thread_blocked, id=26860, stack(0x000000d402c00000,0x000000d402d00000)]
  0x000002573ca4ea90 JavaThread "TimerQueue" daemon [_thread_blocked, id=12844, stack(0x000000d404500000,0x000000d404600000)]
  0x000002573c6ed0b0 JavaThread "Thread-0" [_thread_in_native, id=10540, stack(0x000000d404900000,0x000000d404a00000)]
  0x000002573c6edf20 JavaThread "Thread-1" [_thread_in_native, id=308, stack(0x000000d404a00000,0x000000d404b00000)]
  0x000002573c6ee8c0 JavaThread "Java Sound Event Dispatcher" daemon [_thread_blocked, id=18344, stack(0x000000d404d00000,0x000000d404e00000)]
  0x000002573c6ebd70 JavaThread "Direct Clip" daemon [_thread_blocked, id=24416, stack(0x000000d405000000,0x000000d405100000)]
  0x000002573c6eaf00 JavaThread "Direct Clip" daemon [_thread_blocked, id=32936, stack(0x000000d405100000,0x000000d405200000)]
  0x000002573c6ec240 JavaThread "Thread-2" [_thread_blocked, id=33932, stack(0x000000d405c00000,0x000000d405d00000)]

Other Threads:
=>0x000002573b38abc0 VMThread "VM Thread" [stack: 0x000000d403200000,0x000000d403300000] [id=33776]
  0x000002572111e180 GCTaskThread "GC Thread#0" [stack: 0x000000d402d00000,0x000000d402e00000] [id=30472]
  0x000002573be96c50 GCTaskThread "GC Thread#1" [stack: 0x000000d404300000,0x000000d404400000] [id=13320]
  0x000002573be95420 GCTaskThread "GC Thread#2" [stack: 0x000000d405400000,0x000000d405500000] [id=28464]
  0x000002573be95c30 GCTaskThread "GC Thread#3" [stack: 0x000000d405500000,0x000000d405600000] [id=34564]
  0x000002573be956d0 GCTaskThread "GC Thread#4" [stack: 0x000000d405600000,0x000000d405700000] [id=31588]
  0x000002573be95ee0 GCTaskThread "GC Thread#5" [stack: 0x000000d405700000,0x000000d405800000] [id=28600]
  0x000002573be96f00 GCTaskThread "GC Thread#6" [stack: 0x000000d405800000,0x000000d405900000] [id=22392]
  0x000002573be969a0 GCTaskThread "GC Thread#7" [stack: 0x000000d405900000,0x000000d405a00000] [id=18144]
  0x000002573c86adf0 GCTaskThread "GC Thread#8" [stack: 0x000000d405a00000,0x000000d405b00000] [id=16072]
  0x000002573c8695c0 GCTaskThread "GC Thread#9" [stack: 0x000000d405b00000,0x000000d405c00000] [id=33444]
  0x000002572112e910 ConcurrentGCThread "G1 Main Marker" terminated
  0x000002572112f9d0 ConcurrentGCThread "G1 Conc#0" [stack: 0x000000d402f00000,0x000000d403000000] [id=20284]
  0x000002573c86a5e0 ConcurrentGCThread "G1 Conc#1" [stack: 0x000000d406500000,0x000000d406600000] [id=12240]
  0x000002573c86a330 ConcurrentGCThread "G1 Conc#2" [stack: 0x000000d406600000,0x000000d406700000] [id=32956]
  0x000002572117cd90 ConcurrentGCThread "G1 Refine#0" terminated
  0x000002572117d6c0 ConcurrentGCThread "G1 Service" terminated

Threads with active compile tasks:

VM state: at safepoint (shutting down)

VM Mutex/Monitor currently owned by a thread:  ([mutex/lock_event])
[0x00000257210c17f0] Threads_lock - owner thread: 0x000002573b38abc0
[0x00000257210c1250] Heap_lock - owner thread: 0x000002573c394c30

Heap address: 0x0000000083600000, size: 1994 MB, Compressed Oops mode: 32-bit

CDS archive(s) not mapped
Compressed class space mapped at: 0x0000000100000000-0x0000000140000000, reserved size: 1073741824
Narrow klass base: 0x0000000000000000, Narrow klass shift: 3, Narrow klass range: 0x140000000

GC Precious Log:
 CPUs: 12 total, 12 available
 Memory: 7971M
 Large Page Support: Disabled
 NUMA Support: Disabled
 Compressed Oops: Enabled (32-bit)
 Heap Region Size: 1M
 Heap Min Capacity: 8M
 Heap Initial Capacity: 126M
 Heap Max Capacity: 1994M
 Pre-touch: Disabled
 Parallel Workers: 10
 Concurrent Workers: 3
 Concurrent Refinement Workers: 10
 Periodic GC: Disabled

Heap:
 garbage-first heap   total 146432K, used 91639K [0x0000000083600000, 0x0000000100000000)
  region size 1024K, 31 young (31744K), 1 survivors (1024K)
 Metaspace       used 21935K, committed 22208K, reserved 1073152K
  class space    used 2227K, committed 2368K, reserved 1048576K

Heap Regions: E=young(eden), S=young(survivor), O=old, HS=humongous(starts), HC=humongous(continues), CS=collection set, F=free, OA=open archive, CA=closed archive, TAMS=top-at-mark-start (previous, next)
|   0|0x0000000083600000, 0x0000000083700000, 0x0000000083700000|100%| O|  |TAMS 0x0000000083600000, 0x0000000083700000| Untracked 
|   1|0x0000000083700000, 0x0000000083800000, 0x0000000083800000|100%|HS|  |TAMS 0x0000000083800000, 0x0000000083800000| Complete 
|   2|0x0000000083800000, 0x0000000083900000, 0x0000000083900000|100%|HC|  |TAMS 0x0000000083900000, 0x0000000083900000| Complete 
|   3|0x0000000083900000, 0x0000000083a00000, 0x0000000083a00000|100%| O|  |TAMS 0x00000000839bb000, 0x0000000083a00000| Untracked 
|   4|0x0000000083a00000, 0x0000000083b00000, 0x0000000083b00000|100%|HS|  |TAMS 0x0000000083b00000, 0x0000000083b00000| Complete 
|   5|0x0000000083b00000, 0x0000000083c00000, 0x0000000083c00000|100%|HC|  |TAMS 0x0000000083c00000, 0x0000000083c00000| Complete 
|   6|0x0000000083c00000, 0x0000000083d00000, 0x0000000083d00000|100%|HC|  |TAMS 0x0000000083d00000, 0x0000000083d00000| Complete 
|   7|0x0000000083d00000, 0x0000000083e00000, 0x0000000083e00000|100%|HS|  |TAMS 0x0000000083d00000, 0x0000000083e00000| Complete 
|   8|0x0000000083e00000, 0x0000000083f00000, 0x0000000083f00000|100%|HC|  |TAMS 0x0000000083e00000, 0x0000000083f00000| Complete 
|   9|0x0000000083f00000, 0x0000000084000000, 0x0000000084000000|100%|HC|  |TAMS 0x0000000083f00000, 0x0000000084000000| Complete 
|  10|0x0000000084000000, 0x0000000084100000, 0x0000000084100000|100%|HS|  |TAMS 0x0000000084100000, 0x0000000084100000| Complete 
|  11|0x0000000084100000, 0x0000000084200000, 0x0000000084200000|100%|HC|  |TAMS 0x0000000084200000, 0x0000000084200000| Complete 
|  12|0x0000000084200000, 0x0000000084300000, 0x0000000084300000|100%|HC|  |TAMS 0x0000000084300000, 0x0000000084300000| Complete 
|  13|0x0000000084300000, 0x0000000084400000, 0x0000000084400000|100%| O|  |TAMS 0x0000000084300000, 0x0000000084400000| Untracked 
|  14|0x0000000084400000, 0x0000000084500000, 0x0000000084500000|100%| O|  |TAMS 0x0000000084400000, 0x0000000084500000| Untracked 
|  15|0x0000000084500000, 0x0000000084600000, 0x0000000084600000|100%|HS|  |TAMS 0x0000000084500000, 0x0000000084500000| Complete 
|  16|0x0000000084600000, 0x0000000084700000, 0x0000000084700000|100%|HC|  |TAMS 0x0000000084600000, 0x0000000084600000| Complete 
|  17|0x0000000084700000, 0x0000000084800000, 0x0000000084800000|100%|HC|  |TAMS 0x0000000084700000, 0x0000000084700000| Complete 
|  18|0x0000000084800000, 0x0000000084900000, 0x0000000084900000|100%|HS|  |TAMS 0x0000000084800000, 0x0000000084800000| Complete 
|  19|0x0000000084900000, 0x0000000084a00000, 0x0000000084a00000|100%|HC|  |TAMS 0x0000000084900000, 0x0000000084900000| Complete 
|  20|0x0000000084a00000, 0x0000000084b00000, 0x0000000084b00000|100%|HC|  |TAMS 0x0000000084a00000, 0x0000000084a00000| Complete 
|  21|0x0000000084b00000, 0x0000000084c00000, 0x0000000084c00000|100%|HS|  |TAMS 0x0000000084b00000, 0x0000000084c00000| Complete 
|  22|0x0000000084c00000, 0x0000000084d00000, 0x0000000084d00000|100%|HC|  |TAMS 0x0000000084c00000, 0x0000000084d00000| Complete 
|  23|0x0000000084d00000, 0x0000000084e00000, 0x0000000084e00000|100%|HC|  |TAMS 0x0000000084d00000, 0x0000000084e00000| Complete 
|  24|0x0000000084e00000, 0x0000000084e00000, 0x0000000084f00000|  0%| F|  |TAMS 0x0000000084e00000, 0x0000000084e00000| Untracked 
|  25|0x0000000084f00000, 0x0000000084f6ec00, 0x0000000085000000| 43%| O|  |TAMS 0x0000000084f00000, 0x0000000084f6ec00| Untracked 
|  26|0x0000000085000000, 0x0000000085100000, 0x0000000085100000|100%|HS|  |TAMS 0x0000000085000000, 0x0000000085000000| Complete 
|  27|0x0000000085100000, 0x0000000085200000, 0x0000000085200000|100%|HC|  |TAMS 0x0000000085100000, 0x0000000085100000| Complete 
|  28|0x0000000085200000, 0x0000000085300000, 0x0000000085300000|100%|HC|  |TAMS 0x0000000085200000, 0x0000000085200000| Complete 
|  29|0x0000000085300000, 0x0000000085400000, 0x0000000085400000|100%|HS|  |TAMS 0x0000000085300000, 0x0000000085300000| Complete 
|  30|0x0000000085400000, 0x0000000085500000, 0x0000000085500000|100%|HC|  |TAMS 0x0000000085400000, 0x0000000085400000| Complete 
|  31|0x0000000085500000, 0x0000000085600000, 0x0000000085600000|100%|HC|  |TAMS 0x0000000085500000, 0x0000000085500000| Complete 
|  32|0x0000000085600000, 0x0000000085700000, 0x0000000085700000|100%|HS|  |TAMS 0x0000000085600000, 0x0000000085700000| Complete 
|  33|0x0000000085700000, 0x0000000085800000, 0x0000000085800000|100%|HC|  |TAMS 0x0000000085700000, 0x0000000085800000| Complete 
|  34|0x0000000085800000, 0x0000000085900000, 0x0000000085900000|100%|HC|  |TAMS 0x0000000085800000, 0x0000000085900000| Complete 
|  35|0x0000000085900000, 0x0000000085a00000, 0x0000000085a00000|100%|HS|  |TAMS 0x0000000085900000, 0x0000000085900000| Complete 
|  36|0x0000000085a00000, 0x0000000085b00000, 0x0000000085b00000|100%|HC|  |TAMS 0x0000000085a00000, 0x0000000085a00000| Complete 
|  37|0x0000000085b00000, 0x0000000085c00000, 0x0000000085c00000|100%|HC|  |TAMS 0x0000000085b00000, 0x0000000085b00000| Complete 
|  38|0x0000000085c00000, 0x0000000085d00000, 0x0000000085d00000|100%|HS|  |TAMS 0x0000000085c00000, 0x0000000085c00000| Complete 
|  39|0x0000000085d00000, 0x0000000085e00000, 0x0000000085e00000|100%|HC|  |TAMS 0x0000000085d00000, 0x0000000085d00000| Complete 
|  40|0x0000000085e00000, 0x0000000085f00000, 0x0000000085f00000|100%|HC|  |TAMS 0x0000000085e00000, 0x0000000085e00000| Complete 
|  41|0x0000000085f00000, 0x0000000086000000, 0x0000000086000000|100%|HS|  |TAMS 0x0000000085f00000, 0x0000000086000000| Complete 
|  42|0x0000000086000000, 0x0000000086100000, 0x0000000086100000|100%|HC|  |TAMS 0x0000000086000000, 0x0000000086100000| Complete 
|  43|0x0000000086100000, 0x0000000086200000, 0x0000000086200000|100%|HC|  |TAMS 0x0000000086100000, 0x0000000086200000| Complete 
|  44|0x0000000086200000, 0x0000000086300000, 0x0000000086300000|100%|HS|  |TAMS 0x0000000086200000, 0x0000000086200000| Complete 
|  45|0x0000000086300000, 0x0000000086400000, 0x0000000086400000|100%|HC|  |TAMS 0x0000000086300000, 0x0000000086300000| Complete 
|  46|0x0000000086400000, 0x0000000086500000, 0x0000000086500000|100%|HC|  |TAMS 0x0000000086400000, 0x0000000086400000| Complete 
|  47|0x0000000086500000, 0x0000000086600000, 0x0000000086600000|100%|HS|  |TAMS 0x0000000086500000, 0x0000000086500000| Complete 
|  48|0x0000000086600000, 0x0000000086700000, 0x0000000086700000|100%|HC|  |TAMS 0x0000000086600000, 0x0000000086600000| Complete 
|  49|0x0000000086700000, 0x0000000086800000, 0x0000000086800000|100%|HC|  |TAMS 0x0000000086700000, 0x0000000086700000| Complete 
|  50|0x0000000086800000, 0x0000000086900000, 0x0000000086900000|100%|HS|  |TAMS 0x0000000086800000, 0x0000000086900000| Complete 
|  51|0x0000000086900000, 0x0000000086a00000, 0x0000000086a00000|100%|HC|  |TAMS 0x0000000086900000, 0x0000000086a00000| Complete 
|  52|0x0000000086a00000, 0x0000000086b00000, 0x0000000086b00000|100%|HC|  |TAMS 0x0000000086a00000, 0x0000000086b00000| Complete 
|  53|0x0000000086b00000, 0x0000000086c00000, 0x0000000086c00000|100%|HS|  |TAMS 0x0000000086b00000, 0x0000000086b00000| Complete 
|  54|0x0000000086c00000, 0x0000000086d00000, 0x0000000086d00000|100%|HC|  |TAMS 0x0000000086c00000, 0x0000000086c00000| Complete 
|  55|0x0000000086d00000, 0x0000000086e00000, 0x0000000086e00000|100%|HC|  |TAMS 0x0000000086d00000, 0x0000000086d00000| Complete 
|  56|0x0000000086e00000, 0x0000000086f00000, 0x0000000086f00000|100%|HS|  |TAMS 0x0000000086e00000, 0x0000000086f00000| Complete 
|  57|0x0000000086f00000, 0x0000000087000000, 0x0000000087000000|100%|HC|  |TAMS 0x0000000086f00000, 0x0000000087000000| Complete 
|  58|0x0000000087000000, 0x0000000087100000, 0x0000000087100000|100%|HC|  |TAMS 0x0000000087000000, 0x0000000087100000| Complete 
|  59|0x0000000087100000, 0x0000000087100000, 0x0000000087200000|  0%| F|  |TAMS 0x0000000087100000, 0x0000000087100000| Untracked 
|  60|0x0000000087200000, 0x0000000087200000, 0x0000000087300000|  0%| F|  |TAMS 0x0000000087200000, 0x0000000087200000| Untracked 
|  61|0x0000000087300000, 0x0000000087300000, 0x0000000087400000|  0%| F|  |TAMS 0x0000000087300000, 0x0000000087300000| Untracked 
|  62|0x0000000087400000, 0x0000000087500000, 0x0000000087500000|100%|HS|  |TAMS 0x0000000087400000, 0x0000000087500000| Complete 
|  63|0x0000000087500000, 0x0000000087600000, 0x0000000087600000|100%|HC|  |TAMS 0x0000000087500000, 0x0000000087600000| Complete 
|  64|0x0000000087600000, 0x0000000087700000, 0x0000000087700000|100%|HC|  |TAMS 0x0000000087600000, 0x0000000087700000| Complete 
|  65|0x0000000087700000, 0x0000000087700000, 0x0000000087800000|  0%| F|  |TAMS 0x0000000087700000, 0x0000000087700000| Untracked 
|  66|0x0000000087800000, 0x0000000087800000, 0x0000000087900000|  0%| F|  |TAMS 0x0000000087800000, 0x0000000087800000| Untracked 
|  67|0x0000000087900000, 0x0000000087900000, 0x0000000087a00000|  0%| F|  |TAMS 0x0000000087900000, 0x0000000087900000| Untracked 
|  68|0x0000000087a00000, 0x0000000087a00000, 0x0000000087b00000|  0%| F|  |TAMS 0x0000000087a00000, 0x0000000087a00000| Untracked 
|  69|0x0000000087b00000, 0x0000000087b00000, 0x0000000087c00000|  0%| F|  |TAMS 0x0000000087b00000, 0x0000000087b00000| Untracked 
|  70|0x0000000087c00000, 0x0000000087c00000, 0x0000000087d00000|  0%| F|  |TAMS 0x0000000087c00000, 0x0000000087c00000| Untracked 
|  71|0x0000000087d00000, 0x0000000087d00000, 0x0000000087e00000|  0%| F|  |TAMS 0x0000000087d00000, 0x0000000087d00000| Untracked 
|  72|0x0000000087e00000, 0x0000000087e00000, 0x0000000087f00000|  0%| F|  |TAMS 0x0000000087e00000, 0x0000000087e00000| Untracked 
|  73|0x0000000087f00000, 0x0000000087f00000, 0x0000000088000000|  0%| F|  |TAMS 0x0000000087f00000, 0x0000000087f00000| Untracked 
|  74|0x0000000088000000, 0x0000000088000000, 0x0000000088100000|  0%| F|  |TAMS 0x0000000088000000, 0x0000000088000000| Untracked 
|  75|0x0000000088100000, 0x0000000088100000, 0x0000000088200000|  0%| F|  |TAMS 0x0000000088100000, 0x0000000088100000| Untracked 
|  76|0x0000000088200000, 0x0000000088200000, 0x0000000088300000|  0%| F|  |TAMS 0x0000000088200000, 0x0000000088200000| Untracked 
|  77|0x0000000088300000, 0x0000000088300000, 0x0000000088400000|  0%| F|  |TAMS 0x0000000088300000, 0x0000000088300000| Untracked 
|  78|0x0000000088400000, 0x0000000088400000, 0x0000000088500000|  0%| F|  |TAMS 0x0000000088400000, 0x0000000088400000| Untracked 
|  79|0x0000000088500000, 0x0000000088500000, 0x0000000088600000|  0%| F|  |TAMS 0x0000000088500000, 0x0000000088500000| Untracked 
|  80|0x0000000088600000, 0x0000000088600000, 0x0000000088700000|  0%| F|  |TAMS 0x0000000088600000, 0x0000000088600000| Untracked 
|  81|0x0000000088700000, 0x0000000088700000, 0x0000000088800000|  0%| F|  |TAMS 0x0000000088700000, 0x0000000088700000| Untracked 
|  82|0x0000000088800000, 0x0000000088800000, 0x0000000088900000|  0%| F|  |TAMS 0x0000000088800000, 0x0000000088800000| Untracked 
|  83|0x0000000088900000, 0x0000000088900000, 0x0000000088a00000|  0%| F|  |TAMS 0x0000000088900000, 0x0000000088900000| Untracked 
|  84|0x0000000088a00000, 0x0000000088a00000, 0x0000000088b00000|  0%| F|  |TAMS 0x0000000088a00000, 0x0000000088a00000| Untracked 
|  85|0x0000000088b00000, 0x0000000088b00000, 0x0000000088c00000|  0%| F|  |TAMS 0x0000000088b00000, 0x0000000088b00000| Untracked 
|  86|0x0000000088c00000, 0x0000000088c00000, 0x0000000088d00000|  0%| F|  |TAMS 0x0000000088c00000, 0x0000000088c00000| Untracked 
|  87|0x0000000088d00000, 0x0000000088d00000, 0x0000000088e00000|  0%| F|  |TAMS 0x0000000088d00000, 0x0000000088d00000| Untracked 
|  88|0x0000000088e00000, 0x0000000088e00000, 0x0000000088f00000|  0%| F|  |TAMS 0x0000000088e00000, 0x0000000088e00000| Untracked 
|  89|0x0000000088f00000, 0x0000000088f00000, 0x0000000089000000|  0%| F|  |TAMS 0x0000000088f00000, 0x0000000088f00000| Untracked 
|  90|0x0000000089000000, 0x0000000089000000, 0x0000000089100000|  0%| F|  |TAMS 0x0000000089000000, 0x0000000089000000| Untracked 
|  91|0x0000000089100000, 0x0000000089100000, 0x0000000089200000|  0%| F|  |TAMS 0x0000000089100000, 0x0000000089100000| Untracked 
|  92|0x0000000089200000, 0x0000000089200000, 0x0000000089300000|  0%| F|  |TAMS 0x0000000089200000, 0x0000000089200000| Untracked 
|  93|0x0000000089300000, 0x0000000089300000, 0x0000000089400000|  0%| F|  |TAMS 0x0000000089300000, 0x0000000089300000| Untracked 
|  94|0x0000000089400000, 0x0000000089400000, 0x0000000089500000|  0%| F|  |TAMS 0x0000000089400000, 0x0000000089400000| Untracked 
|  95|0x0000000089500000, 0x0000000089500000, 0x0000000089600000|  0%| F|  |TAMS 0x0000000089500000, 0x0000000089500000| Untracked 
|  96|0x0000000089600000, 0x0000000089600000, 0x0000000089700000|  0%| F|  |TAMS 0x0000000089600000, 0x0000000089600000| Untracked 
|  97|0x0000000089700000, 0x0000000089700000, 0x0000000089800000|  0%| F|  |TAMS 0x0000000089700000, 0x0000000089700000| Untracked 
|  98|0x0000000089800000, 0x0000000089800000, 0x0000000089900000|  0%| F|  |TAMS 0x0000000089800000, 0x0000000089800000| Untracked 
|  99|0x0000000089900000, 0x0000000089900000, 0x0000000089a00000|  0%| F|  |TAMS 0x0000000089900000, 0x0000000089900000| Untracked 
| 100|0x0000000089a00000, 0x0000000089a00000, 0x0000000089b00000|  0%| F|  |TAMS 0x0000000089a00000, 0x0000000089a00000| Untracked 
| 101|0x0000000089b00000, 0x0000000089b00000, 0x0000000089c00000|  0%| F|  |TAMS 0x0000000089b00000, 0x0000000089b00000| Untracked 
| 102|0x0000000089c00000, 0x0000000089c00000, 0x0000000089d00000|  0%| F|  |TAMS 0x0000000089c00000, 0x0000000089c00000| Untracked 
| 103|0x0000000089d00000, 0x0000000089d00000, 0x0000000089e00000|  0%| F|  |TAMS 0x0000000089d00000, 0x0000000089d00000| Untracked 
| 104|0x0000000089e00000, 0x0000000089e00000, 0x0000000089f00000|  0%| F|  |TAMS 0x0000000089e00000, 0x0000000089e00000| Untracked 
| 105|0x0000000089f00000, 0x0000000089f00000, 0x000000008a000000|  0%| F|  |TAMS 0x0000000089f00000, 0x0000000089f00000| Untracked 
| 106|0x000000008a000000, 0x000000008a000000, 0x000000008a100000|  0%| F|  |TAMS 0x000000008a000000, 0x000000008a000000| Untracked 
| 107|0x000000008a100000, 0x000000008a100000, 0x000000008a200000|  0%| F|  |TAMS 0x000000008a100000, 0x000000008a100000| Untracked 
| 108|0x000000008a200000, 0x000000008a200000, 0x000000008a300000|  0%| F|  |TAMS 0x000000008a200000, 0x000000008a200000| Untracked 
| 109|0x000000008a300000, 0x000000008a300000, 0x000000008a400000|  0%| F|  |TAMS 0x000000008a300000, 0x000000008a300000| Untracked 
| 110|0x000000008a400000, 0x000000008a40f0f0, 0x000000008a500000|  5%| S|CS|TAMS 0x000000008a400000, 0x000000008a400000| Complete 
| 111|0x000000008a500000, 0x000000008a500000, 0x000000008a600000|  0%| F|  |TAMS 0x000000008a500000, 0x000000008a500000| Untracked 
| 112|0x000000008a600000, 0x000000008a600000, 0x000000008a700000|  0%| F|  |TAMS 0x000000008a600000, 0x000000008a600000| Untracked 
| 113|0x000000008a700000, 0x000000008a800000, 0x000000008a800000|100%| E|  |TAMS 0x000000008a700000, 0x000000008a700000| Complete 
| 114|0x000000008a800000, 0x000000008a900000, 0x000000008a900000|100%| E|CS|TAMS 0x000000008a800000, 0x000000008a800000| Complete 
| 115|0x000000008a900000, 0x000000008aa00000, 0x000000008aa00000|100%| E|CS|TAMS 0x000000008a900000, 0x000000008a900000| Complete 
| 116|0x000000008aa00000, 0x000000008ab00000, 0x000000008ab00000|100%| E|CS|TAMS 0x000000008aa00000, 0x000000008aa00000| Complete 
| 117|0x000000008ab00000, 0x000000008ac00000, 0x000000008ac00000|100%| E|CS|TAMS 0x000000008ab00000, 0x000000008ab00000| Complete 
| 118|0x000000008ac00000, 0x000000008ad00000, 0x000000008ad00000|100%| E|CS|TAMS 0x000000008ac00000, 0x000000008ac00000| Complete 
| 119|0x000000008ad00000, 0x000000008ae00000, 0x000000008ae00000|100%| E|CS|TAMS 0x000000008ad00000, 0x000000008ad00000| Complete 
| 120|0x000000008ae00000, 0x000000008af00000, 0x000000008af00000|100%| E|CS|TAMS 0x000000008ae00000, 0x000000008ae00000| Complete 
| 121|0x000000008af00000, 0x000000008b000000, 0x000000008b000000|100%| E|CS|TAMS 0x000000008af00000, 0x000000008af00000| Complete 
| 122|0x000000008b000000, 0x000000008b100000, 0x000000008b100000|100%| E|CS|TAMS 0x000000008b000000, 0x000000008b000000| Complete 
| 123|0x000000008b100000, 0x000000008b200000, 0x000000008b200000|100%| E|CS|TAMS 0x000000008b100000, 0x000000008b100000| Complete 
| 124|0x000000008b200000, 0x000000008b300000, 0x000000008b300000|100%| E|CS|TAMS 0x000000008b200000, 0x000000008b200000| Complete 
| 125|0x000000008b300000, 0x000000008b400000, 0x000000008b400000|100%| E|CS|TAMS 0x000000008b300000, 0x000000008b300000| Complete 
| 126|0x000000008b400000, 0x000000008b500000, 0x000000008b500000|100%| E|CS|TAMS 0x000000008b400000, 0x000000008b400000| Complete 
| 127|0x000000008b500000, 0x000000008b600000, 0x000000008b600000|100%| E|CS|TAMS 0x000000008b500000, 0x000000008b500000| Complete 
| 128|0x000000008b600000, 0x000000008b700000, 0x000000008b700000|100%| E|CS|TAMS 0x000000008b600000, 0x000000008b600000| Complete 
| 129|0x000000008b700000, 0x000000008b800000, 0x000000008b800000|100%| E|CS|TAMS 0x000000008b700000, 0x000000008b700000| Complete 
| 130|0x000000008b800000, 0x000000008b900000, 0x000000008b900000|100%| E|CS|TAMS 0x000000008b800000, 0x000000008b800000| Complete 
| 131|0x000000008b900000, 0x000000008ba00000, 0x000000008ba00000|100%| E|CS|TAMS 0x000000008b900000, 0x000000008b900000| Complete 
| 132|0x000000008ba00000, 0x000000008bb00000, 0x000000008bb00000|100%| E|CS|TAMS 0x000000008ba00000, 0x000000008ba00000| Complete 
| 133|0x000000008bb00000, 0x000000008bc00000, 0x000000008bc00000|100%| E|CS|TAMS 0x000000008bb00000, 0x000000008bb00000| Complete 
| 134|0x000000008bc00000, 0x000000008bd00000, 0x000000008bd00000|100%| E|CS|TAMS 0x000000008bc00000, 0x000000008bc00000| Complete 
| 135|0x000000008bd00000, 0x000000008be00000, 0x000000008be00000|100%| E|CS|TAMS 0x000000008bd00000, 0x000000008bd00000| Complete 
| 136|0x000000008be00000, 0x000000008bf00000, 0x000000008bf00000|100%| E|CS|TAMS 0x000000008be00000, 0x000000008be00000| Complete 
| 137|0x000000008bf00000, 0x000000008c000000, 0x000000008c000000|100%| E|CS|TAMS 0x000000008bf00000, 0x000000008bf00000| Complete 
| 138|0x000000008c000000, 0x000000008c100000, 0x000000008c100000|100%| E|CS|TAMS 0x000000008c000000, 0x000000008c000000| Complete 
| 139|0x000000008c100000, 0x000000008c200000, 0x000000008c200000|100%| E|CS|TAMS 0x000000008c100000, 0x000000008c100000| Complete 
| 140|0x000000008c200000, 0x000000008c300000, 0x000000008c300000|100%| E|CS|TAMS 0x000000008c200000, 0x000000008c200000| Complete 
| 141|0x000000008c300000, 0x000000008c400000, 0x000000008c400000|100%| E|CS|TAMS 0x000000008c300000, 0x000000008c300000| Complete 
| 142|0x000000008c400000, 0x000000008c500000, 0x000000008c500000|100%| E|CS|TAMS 0x000000008c400000, 0x000000008c400000| Complete 

Card table byte_map: [0x00000257340b0000,0x00000257344a0000] _byte_map_base: 0x0000025733c95000

Marking Bits (Prev, Next): (CMBitMap*) 0x000002572111e6e0, (CMBitMap*) 0x000002572111e6a0
 Prev Bits: [0x00000257367c0000, 0x00000257386e8000)
 Next Bits: [0x0000025734890000, 0x00000257367b8000)

Polling page: 0x000002571eff0000

Metaspace:

Usage:
  Non-class:     19.25 MB used.
      Class:      2.18 MB used.
       Both:     21.42 MB used.

Virtual space:
  Non-class space:       24.00 MB reserved,      19.38 MB ( 81%) committed,  3 nodes.
      Class space:        1.00 GB reserved,       2.31 MB ( <1%) committed,  1 nodes.
             Both:        1.02 GB reserved,      21.69 MB (  2%) committed. 

Chunk freelists:
   Non-Class:  504.00 KB
       Class:  1.73 MB
        Both:  2.22 MB

MaxMetaspaceSize: unlimited
CompressedClassSpaceSize: 1.00 GB
Initial GC threshold: 21.00 MB
Current GC threshold: 35.25 MB
CDS: off
MetaspaceReclaimPolicy: balanced
 - commit_granule_bytes: 65536.
 - commit_granule_words: 8192.
 - virtual_space_node_default_size: 1048576.
 - enlarge_chunks_in_place: 1.
 - new_chunks_are_fully_committed: 0.
 - uncommit_free_chunks: 1.
 - use_allocation_guard: 0.
 - handle_deallocations: 1.


Internal statistics:

num_allocs_failed_limit: 3.
num_arena_births: 122.
num_arena_deaths: 0.
num_vsnodes_births: 4.
num_vsnodes_deaths: 0.
num_space_committed: 347.
num_space_uncommitted: 0.
num_chunks_returned_to_freelist: 3.
num_chunks_taken_from_freelist: 220.
num_chunk_merges: 0.
num_chunk_splits: 113.
num_chunks_enlarged: 52.
num_purges: 0.
num_inconsistent_stats: 0.

CodeHeap 'non-profiled nmethods': size=120000Kb used=1706Kb max_used=1706Kb free=118293Kb
 bounds [0x000002572c240000, 0x000002572c4b0000, 0x0000025733770000]
CodeHeap 'profiled nmethods': size=120000Kb used=6304Kb max_used=6304Kb free=113695Kb
 bounds [0x0000025724770000, 0x0000025724da0000, 0x000002572bca0000]
CodeHeap 'non-nmethods': size=5760Kb used=1400Kb max_used=1443Kb free=4359Kb
 bounds [0x000002572bca0000, 0x000002572bf10000, 0x000002572c240000]
 total_blobs=3879 nmethods=3131 adapters=658
 compilation: enabled
              stopped_count=0, restarted_count=0
 full_count=0

Compilation events (20 events):
Event: 112.627 Thread 0x000002573bc5ff70 3121       3       javax.swing.RepaintManager$PaintManager::isPixelsCopying (68 bytes)
Event: 112.628 Thread 0x000002573bc5ff70 nmethod 3121 0x0000025724d91d10 code [0x0000025724d91f40, 0x0000025724d92968]
Event: 112.628 Thread 0x000002573bc5ff70 3122       3       javax.swing.RepaintManager$PaintManager::getTransform (32 bytes)
Event: 112.628 Thread 0x000002573bc5ff70 nmethod 3122 0x0000025724d92c10 code [0x0000025724d92de0, 0x0000025724d93388]
Event: 112.628 Thread 0x000002573bc5ff70 3124       3       java.awt.image.VolatileImage::getGraphics (5 bytes)
Event: 112.628 Thread 0x000002573bc5ff70 nmethod 3124 0x0000025724d93490 code [0x0000025724d93620, 0x0000025724d93768]
Event: 112.863 Thread 0x000002573bc5ff70 3125       3       java.util.Arrays::copyOf (19 bytes)
Event: 112.865 Thread 0x000002573bc5ff70 nmethod 3125 0x0000025724d93810 code [0x0000025724d939c0, 0x0000025724d93ca8]
Event: 112.866 Thread 0x000002573bc5ff70 3126       3       sun.awt.image.BufImgSurfaceData::createData (7 bytes)
Event: 112.866 Thread 0x000002573bc5ff70 nmethod 3126 0x0000025724d93e10 code [0x0000025724d93fe0, 0x0000025724d94108]
Event: 113.105 Thread 0x000002573bc5ff70 3127       3       javax.swing.plaf.synth.SynthGraphicsUtils::paintIcon (47 bytes)
Event: 113.106 Thread 0x000002573bc5ff70 nmethod 3127 0x0000025724d94190 code [0x0000025724d94360, 0x0000025724d94858]
Event: 113.462 Thread 0x000002573bc59170 3128       4       java.awt.Toolkit$SelectiveAWTEventListener::eventDispatched (745 bytes)
Event: 113.465 Thread 0x000002573bc59170 nmethod 3128 0x000002572c3e9d90 code [0x000002572c3e9f60, 0x000002572c3ea6d8]
Event: 113.575 Thread 0x000002573bc5ff70 3129       3       javax.swing.JComponent::setBorder (61 bytes)
Event: 113.576 Thread 0x000002573bc5ff70 nmethod 3129 0x0000025724d94a10 code [0x0000025724d94c20, 0x0000025724d95318]
Event: 113.576 Thread 0x000002573bc5ff70 3130       3       java.awt.Component::notifyNewBounds (129 bytes)
Event: 113.576 Thread 0x000002573bc5ff70 nmethod 3130 0x0000025724d95510 code [0x0000025724d958c0, 0x0000025724d972a8]
Event: 113.824 Thread 0x000002573bc5ff70 3131       3       java.lang.AbstractStringBuilder::append (63 bytes)
Event: 113.824 Thread 0x000002573bc5ff70 nmethod 3131 0x0000025724d97a90 code [0x0000025724d97c80, 0x0000025724d981c8]

GC Heap History (20 events):
Event: 103.124 GC heap before
{Heap before GC invocations=47 (full 0):
 garbage-first heap   total 146432K, used 94702K [0x0000000083600000, 0x0000000100000000)
  region size 1024K, 31 young (31744K), 1 survivors (1024K)
 Metaspace       used 21882K, committed 22144K, reserved 1073152K
  class space    used 2226K, committed 2368K, reserved 1048576K
}
Event: 103.125 GC heap after
{Heap after GC invocations=48 (full 0):
 garbage-first heap   total 146432K, used 34286K [0x0000000083600000, 0x0000000100000000)
  region size 1024K, 1 young (1024K), 1 survivors (1024K)
 Metaspace       used 21882K, committed 22144K, reserved 1073152K
  class space    used 2226K, committed 2368K, reserved 1048576K
}
Event: 104.434 GC heap before
{Heap before GC invocations=48 (full 0):
 garbage-first heap   total 146432K, used 94702K [0x0000000083600000, 0x0000000100000000)
  region size 1024K, 31 young (31744K), 1 survivors (1024K)
 Metaspace       used 21882K, committed 22144K, reserved 1073152K
  class space    used 2226K, committed 2368K, reserved 1048576K
}
Event: 104.435 GC heap after
{Heap after GC invocations=49 (full 0):
 garbage-first heap   total 146432K, used 34288K [0x0000000083600000, 0x0000000100000000)
  region size 1024K, 1 young (1024K), 1 survivors (1024K)
 Metaspace       used 21882K, committed 22144K, reserved 1073152K
  class space    used 2226K, committed 2368K, reserved 1048576K
}
Event: 105.650 GC heap before
{Heap before GC invocations=49 (full 0):
 garbage-first heap   total 146432K, used 94704K [0x0000000083600000, 0x0000000100000000)
  region size 1024K, 31 young (31744K), 1 survivors (1024K)
 Metaspace       used 21890K, committed 22144K, reserved 1073152K
  class space    used 2226K, committed 2368K, reserved 1048576K
}
Event: 105.651 GC heap after
{Heap after GC invocations=50 (full 0):
 garbage-first heap   total 146432K, used 34288K [0x0000000083600000, 0x0000000100000000)
  region size 1024K, 1 young (1024K), 1 survivors (1024K)
 Metaspace       used 21890K, committed 22144K, reserved 1073152K
  class space    used 2226K, committed 2368K, reserved 1048576K
}
Event: 106.849 GC heap before
{Heap before GC invocations=50 (full 0):
 garbage-first heap   total 146432K, used 94704K [0x0000000083600000, 0x0000000100000000)
  region size 1024K, 31 young (31744K), 1 survivors (1024K)
 Metaspace       used 21891K, committed 22144K, reserved 1073152K
  class space    used 2226K, committed 2368K, reserved 1048576K
}
Event: 106.850 GC heap after
{Heap after GC invocations=51 (full 0):
 garbage-first heap   total 146432K, used 34284K [0x0000000083600000, 0x0000000100000000)
  region size 1024K, 1 young (1024K), 1 survivors (1024K)
 Metaspace       used 21891K, committed 22144K, reserved 1073152K
  class space    used 2226K, committed 2368K, reserved 1048576K
}
Event: 108.052 GC heap before
{Heap before GC invocations=51 (full 0):
 garbage-first heap   total 146432K, used 94700K [0x0000000083600000, 0x0000000100000000)
  region size 1024K, 31 young (31744K), 1 survivors (1024K)
 Metaspace       used 21896K, committed 22144K, reserved 1073152K
  class space    used 2226K, committed 2368K, reserved 1048576K
}
Event: 108.053 GC heap after
{Heap after GC invocations=52 (full 0):
 garbage-first heap   total 146432K, used 34290K [0x0000000083600000, 0x0000000100000000)
  region size 1024K, 1 young (1024K), 1 survivors (1024K)
 Metaspace       used 21896K, committed 22144K, reserved 1073152K
  class space    used 2226K, committed 2368K, reserved 1048576K
}
Event: 109.251 GC heap before
{Heap before GC invocations=52 (full 0):
 garbage-first heap   total 146432K, used 94706K [0x0000000083600000, 0x0000000100000000)
  region size 1024K, 31 young (31744K), 1 survivors (1024K)
 Metaspace       used 21903K, committed 22144K, reserved 1073152K
  class space    used 2226K, committed 2368K, reserved 1048576K
}
Event: 109.252 GC heap after
{Heap after GC invocations=53 (full 0):
 garbage-first heap   total 146432K, used 34295K [0x0000000083600000, 0x0000000100000000)
  region size 1024K, 1 young (1024K), 1 survivors (1024K)
 Metaspace       used 21903K, committed 22144K, reserved 1073152K
  class space    used 2226K, committed 2368K, reserved 1048576K
}
Event: 110.448 GC heap before
{Heap before GC invocations=53 (full 0):
 garbage-first heap   total 146432K, used 94711K [0x0000000083600000, 0x0000000100000000)
  region size 1024K, 31 young (31744K), 1 survivors (1024K)
 Metaspace       used 21907K, committed 22144K, reserved 1073152K
  class space    used 2226K, committed 2368K, reserved 1048576K
}
Event: 110.449 GC heap after
{Heap after GC invocations=54 (full 0):
 garbage-first heap   total 146432K, used 34293K [0x0000000083600000, 0x0000000100000000)
  region size 1024K, 1 young (1024K), 1 survivors (1024K)
 Metaspace       used 21907K, committed 22144K, reserved 1073152K
  class space    used 2226K, committed 2368K, reserved 1048576K
}
Event: 111.664 GC heap before
{Heap before GC invocations=54 (full 0):
 garbage-first heap   total 146432K, used 94709K [0x0000000083600000, 0x0000000100000000)
  region size 1024K, 31 young (31744K), 1 survivors (1024K)
 Metaspace       used 21910K, committed 22208K, reserved 1073152K
  class space    used 2226K, committed 2368K, reserved 1048576K
}
Event: 111.666 GC heap after
{Heap after GC invocations=55 (full 0):
 garbage-first heap   total 146432K, used 34295K [0x0000000083600000, 0x0000000100000000)
  region size 1024K, 1 young (1024K), 1 survivors (1024K)
 Metaspace       used 21910K, committed 22208K, reserved 1073152K
  class space    used 2226K, committed 2368K, reserved 1048576K
}
Event: 112.864 GC heap before
{Heap before GC invocations=55 (full 0):
 garbage-first heap   total 146432K, used 94711K [0x0000000083600000, 0x0000000100000000)
  region size 1024K, 31 young (31744K), 1 survivors (1024K)
 Metaspace       used 21920K, committed 22208K, reserved 1073152K
  class space    used 2226K, committed 2368K, reserved 1048576K
}
Event: 112.864 GC heap after
{Heap after GC invocations=56 (full 0):
 garbage-first heap   total 146432K, used 34293K [0x0000000083600000, 0x0000000100000000)
  region size 1024K, 1 young (1024K), 1 survivors (1024K)
 Metaspace       used 21920K, committed 22208K, reserved 1073152K
  class space    used 2226K, committed 2368K, reserved 1048576K
}
Event: 114.064 GC heap before
{Heap before GC invocations=56 (full 0):
 garbage-first heap   total 146432K, used 95733K [0x0000000083600000, 0x0000000100000000)
  region size 1024K, 32 young (32768K), 1 survivors (1024K)
 Metaspace       used 21927K, committed 22208K, reserved 1073152K
  class space    used 2226K, committed 2368K, reserved 1048576K
}
Event: 114.065 GC heap after
{Heap after GC invocations=57 (full 0):
 garbage-first heap   total 146432K, used 34295K [0x0000000083600000, 0x0000000100000000)
  region size 1024K, 1 young (1024K), 1 survivors (1024K)
 Metaspace       used 21927K, committed 22208K, reserved 1073152K
  class space    used 2226K, committed 2368K, reserved 1048576K
}

Dll operation events (10 events):
Event: 0.008 Loaded shared library C:\Users\Trung\.p2\pool\plugins\org.eclipse.justj.openjdk.hotspot.jre.full.win32.x86_64_17.0.6.v20230204-1729\jre\bin\java.dll
Event: 0.144 Loaded shared library C:\Users\Trung\.p2\pool\plugins\org.eclipse.justj.openjdk.hotspot.jre.full.win32.x86_64_17.0.6.v20230204-1729\jre\bin\jimage.dll
Event: 0.157 Loaded shared library C:\Users\Trung\.p2\pool\plugins\org.eclipse.justj.openjdk.hotspot.jre.full.win32.x86_64_17.0.6.v20230204-1729\jre\bin\net.dll
Event: 0.158 Loaded shared library C:\Users\Trung\.p2\pool\plugins\org.eclipse.justj.openjdk.hotspot.jre.full.win32.x86_64_17.0.6.v20230204-1729\jre\bin\nio.dll
Event: 0.163 Loaded shared library C:\Users\Trung\.p2\pool\plugins\org.eclipse.justj.openjdk.hotspot.jre.full.win32.x86_64_17.0.6.v20230204-1729\jre\bin\zip.dll
Event: 0.195 Loaded shared library C:\Users\Trung\.p2\pool\plugins\org.eclipse.justj.openjdk.hotspot.jre.full.win32.x86_64_17.0.6.v20230204-1729\jre\bin\awt.dll
Event: 0.332 Loaded shared library C:\Users\Trung\.p2\pool\plugins\org.eclipse.justj.openjdk.hotspot.jre.full.win32.x86_64_17.0.6.v20230204-1729\jre\bin\freetype.dll
Event: 0.333 Loaded shared library C:\Users\Trung\.p2\pool\plugins\org.eclipse.justj.openjdk.hotspot.jre.full.win32.x86_64_17.0.6.v20230204-1729\jre\bin\fontmanager.dll
Event: 28.970 Loaded shared library C:\Users\Trung\.p2\pool\plugins\org.eclipse.justj.openjdk.hotspot.jre.full.win32.x86_64_17.0.6.v20230204-1729\jre\bin\jsound.dll
Event: 56.613 Loaded shared library C:\Users\Trung\Downloads\opencv\build\java\x64\opencv_java310.dll

Deoptimization events (20 events):
Event: 57.944 Thread 0x000002573c6ec240 DEOPT PACKING pc=0x0000025724c7ff58 sp=0x000000d405cfea00
Event: 57.944 Thread 0x000002573c6ec240 DEOPT UNPACKING pc=0x000002572bcface3 sp=0x000000d405cfded8 mode 0
Event: 57.945 Thread 0x000002573c6ec240 DEOPT PACKING pc=0x0000025724c7ff58 sp=0x000000d405cfea00
Event: 57.945 Thread 0x000002573c6ec240 DEOPT UNPACKING pc=0x000002572bcface3 sp=0x000000d405cfded8 mode 0
Event: 57.945 Thread 0x000002573c6ec240 DEOPT PACKING pc=0x0000025724c7ff58 sp=0x000000d405cfea00
Event: 57.945 Thread 0x000002573c6ec240 DEOPT UNPACKING pc=0x000002572bcface3 sp=0x000000d405cfded8 mode 0
Event: 58.149 Thread 0x000002573c394c30 Uncommon trap: trap_request=0xffffff45 fr.pc=0x000002572c360b70 relative=0x0000000000002250
Event: 58.149 Thread 0x000002573c394c30 Uncommon trap: reason=unstable_if action=reinterpret pc=0x000002572c360b70 method=java.awt.EventQueue.postEvent(Ljava/awt/AWTEvent;I)V @ 6 c2
Event: 58.149 Thread 0x000002573c394c30 DEOPT PACKING pc=0x000002572c360b70 sp=0x000000d4042fedb0
Event: 58.149 Thread 0x000002573c394c30 DEOPT UNPACKING pc=0x000002572bcfa1a3 sp=0x000000d4042fec68 mode 2
Event: 62.735 Thread 0x000002573c6ec240 DEOPT PACKING pc=0x0000025724cbeb39 sp=0x000000d405cfeb80
Event: 62.735 Thread 0x000002573c6ec240 DEOPT UNPACKING pc=0x000002572bcface3 sp=0x000000d405cfe050 mode 0
Event: 70.480 Thread 0x000002573c6ec240 DEOPT PACKING pc=0x0000025724d1335b sp=0x000000d405cfeab0
Event: 70.480 Thread 0x000002573c6ec240 DEOPT UNPACKING pc=0x000002572bcface3 sp=0x000000d405cfe0f8 mode 0
Event: 79.600 Thread 0x000002573c6ec240 DEOPT PACKING pc=0x0000025724cbf8ee sp=0x000000d405cfe4b0
Event: 79.600 Thread 0x000002573c6ec240 DEOPT UNPACKING pc=0x000002572bcface3 sp=0x000000d405cfd908 mode 0
Event: 104.932 Thread 0x000002573c394c30 DEOPT PACKING pc=0x0000025724a70982 sp=0x000000d4042feaa0
Event: 104.932 Thread 0x000002573c394c30 DEOPT UNPACKING pc=0x000002572bcface3 sp=0x000000d4042fdf30 mode 0
Event: 109.970 Thread 0x000002573c6ec240 DEOPT PACKING pc=0x0000025724cc2b3d sp=0x000000d405cfe680
Event: 109.970 Thread 0x000002573c6ec240 DEOPT UNPACKING pc=0x000002572bcface3 sp=0x000000d405cfdb08 mode 0

Classes unloaded (0 events):
No events

Classes redefined (0 events):
No events

Internal exceptions (20 events):
Event: 0.372 Thread 0x00000257210c2380 Exception <a 'java/lang/ClassNotFoundException'{0x000000008af425b0}: TreeCell> (0x000000008af425b0) 
thrown [s\src\hotspot\share\classfile\systemDictionary.cpp, line 256]
Event: 0.373 Thread 0x00000257210c2380 Exception <a 'java/lang/ClassNotFoundException'{0x000000008af42d70}: RootPane> (0x000000008af42d70) 
thrown [s\src\hotspot\share\classfile\systemDictionary.cpp, line 256]
Event: 0.374 Thread 0x00000257210c2380 Exception <a 'java/lang/ClassNotFoundException'{0x000000008af45bc0}: com/sun/swing/internal/plaf/metal/resources/spi/metalProvider> (0x000000008af45bc0) 
thrown [s\src\hotspot\share\classfile\systemDictionary.cpp, line 256]
Event: 0.375 Thread 0x00000257210c2380 Exception <a 'java/lang/ClassNotFoundException'{0x000000008af49770}: com/sun/swing/internal/plaf/basic/resources/spi/basicProvider> (0x000000008af49770) 
thrown [s\src\hotspot\share\classfile\systemDictionary.cpp, line 256]
Event: 0.514 Thread 0x000002573c394c30 Exception <a 'java/lang/ClassNotFoundException'{0x000000008ae0aa78}: com/sun/swing/internal/plaf/synth/resources/spi/synthProvider> (0x000000008ae0aa78) 
thrown [s\src\hotspot\share\classfile\systemDictionary.cpp, line 256]
Event: 0.585 Thread 0x000002573c347020 Exception <a 'java/lang/NoSuchMethodError'{0x000000008b185ce0}: 'void java.lang.invoke.DirectMethodHandle$Holder.invokeVirtual(java.lang.Object, java.lang.Object)'> (0x000000008b185ce0) 
thrown [s\src\hotspot\share\interpreter\linkResolver.cpp, line 759]
Event: 0.596 Thread 0x000002573c394c30 Exception <a 'java/lang/NoSuchMethodError'{0x000000008aec90b0}: 'void java.lang.invoke.DirectMethodHandle$Holder.invokeStaticInit(java.lang.Object)'> (0x000000008aec90b0) 
thrown [s\src\hotspot\share\interpreter\linkResolver.cpp, line 759]
Event: 6.780 Thread 0x000002573c394c30 Exception <a 'java/lang/NoSuchMethodError'{0x000000008a9d38d0}: 'void java.lang.invoke.DirectMethodHandle$Holder.invokeStatic(java.lang.Object, java.lang.Object)'> (0x000000008a9d38d0) 
thrown [s\src\hotspot\share\interpreter\linkResolver.cpp, line 759]
Event: 6.787 Thread 0x000002573c394c30 Implicit null exception at 0x000002572c2a0bd2 to 0x000002572c2a10b5
Event: 6.787 Thread 0x000002573c394c30 Implicit null exception at 0x000002572c29e137 to 0x000002572c29e697
Event: 6.787 Thread 0x000002573c394c30 Implicit null exception at 0x000002572c2a0bd2 to 0x000002572c2a10b5
Event: 6.787 Thread 0x000002573c394c30 Implicit null exception at 0x000002572c29fb9c to 0x000002572c2a00f4
Event: 6.787 Thread 0x000002573c394c30 Implicit null exception at 0x000002572c2a0bd2 to 0x000002572c2a10b5
Event: 6.787 Thread 0x000002573c394c30 Implicit null exception at 0x000002572c29e137 to 0x000002572c29e697
Event: 6.830 Thread 0x000002573c6ed0b0 Exception <a 'java/lang/NoSuchMethodError'{0x000000008a812870}: 'int java.lang.invoke.DirectMethodHandle$Holder.invokeStatic(java.lang.Object)'> (0x000000008a812870) 
thrown [s\src\hotspot\share\interpreter\linkResolver.cpp, line 759]
Event: 16.320 Thread 0x000002573c394c30 Implicit null exception at 0x000002572c2d25c6 to 0x000002572c2d5b98
Event: 16.329 Thread 0x000002573c394c30 Implicit null exception at 0x000002572c2cf5f5 to 0x000002572c2cf840
Event: 56.781 Thread 0x000002574588a1d0 Exception <a 'java/lang/Exception'{0x000000008aca19a8}: unknown exception> (0x000000008aca19a8) 
thrown [s\src\hotspot\share\prims\jni.cpp, line 535]
Event: 57.861 Thread 0x000002573c6ec240 Exception <a 'java/lang/NoSuchMethodError'{0x000000008abf2d18}: 'java.lang.Object java.lang.invoke.DirectMethodHandle$Holder.invokeStaticInit(java.lang.Object, int, int, int, int)'> (0x000000008abf2d18) 
thrown [s\src\hotspot\share\interpreter\linkResolver.cpp, line 759]
Event: 57.913 Thread 0x000002573c6ec240 Exception <a 'java/lang/NoSuchMethodError'{0x0000000086493810}: 'java.lang.Object java.lang.invoke.DirectMethodHandle$Holder.invokeStaticInit(java.lang.Object, java.lang.Object, int, int, int, int)'> (0x0000000086493810) 
thrown [s\src\hotspot\share\interpreter\linkResolver.cpp, line 759]

VM Operations (20 events):
Event: 105.651 Executing VM operation: G1TryInitiateConcMark done
Event: 106.849 Executing VM operation: G1TryInitiateConcMark
Event: 106.850 Executing VM operation: G1TryInitiateConcMark done
Event: 108.052 Executing VM operation: G1TryInitiateConcMark
Event: 108.053 Executing VM operation: G1TryInitiateConcMark done
Event: 109.053 Executing VM operation: Cleanup
Event: 109.054 Executing VM operation: Cleanup done
Event: 109.250 Executing VM operation: G1TryInitiateConcMark
Event: 109.252 Executing VM operation: G1TryInitiateConcMark done
Event: 110.448 Executing VM operation: G1TryInitiateConcMark
Event: 110.449 Executing VM operation: G1TryInitiateConcMark done
Event: 111.664 Executing VM operation: G1TryInitiateConcMark
Event: 111.666 Executing VM operation: G1TryInitiateConcMark done
Event: 112.863 Executing VM operation: G1TryInitiateConcMark
Event: 112.864 Executing VM operation: G1TryInitiateConcMark done
Event: 113.865 Executing VM operation: Cleanup
Event: 113.865 Executing VM operation: Cleanup done
Event: 114.064 Executing VM operation: G1TryInitiateConcMark
Event: 114.065 Executing VM operation: G1TryInitiateConcMark done
Event: 115.031 Executing VM operation: Exit

Events (20 events):
Event: 57.918 loading class sun/awt/image/ShortComponentRaster
Event: 57.919 loading class sun/awt/image/ShortComponentRaster done
Event: 57.919 loading class java/awt/image/BandedSampleModel
Event: 57.919 loading class java/awt/image/BandedSampleModel done
Event: 57.963 loading class java/io/RandomAccessFile$1
Event: 57.963 loading class java/io/RandomAccessFile$1 done
Event: 58.097 loading class java/security/DomainCombiner
Event: 58.097 loading class java/security/DomainCombiner done
Event: 114.928 Thread 0x000002574588b510 Thread added: 0x000002574588b510
Event: 114.928 Thread 0x0000025745889d00 Thread added: 0x0000025745889d00
Event: 114.928 Thread 0x000002574588e530 Thread added: 0x000002574588e530
Event: 114.929 loading class java/util/WeakHashMap$KeyIterator
Event: 114.929 Thread 0x000002574588e530 Thread exited: 0x000002574588e530
Event: 114.929 loading class java/util/WeakHashMap$HashIterator
Event: 114.930 loading class java/util/WeakHashMap$HashIterator done
Event: 114.930 loading class java/util/WeakHashMap$KeyIterator done
Event: 114.930 Thread 0x0000025745889d00 Thread exited: 0x0000025745889d00
Event: 115.004 Thread 0x000002573c347020 Thread exited: 0x000002573c347020
Event: 115.030 Thread 0x000002574588b510 Thread exited: 0x000002574588b510
Event: 115.031 Thread 0x000002573bc51290 Thread exited: 0x000002573bc51290


Dynamic libraries:
0x00007ff7e2310000 - 0x00007ff7e231e000 	C:\Users\Trung\.p2\pool\plugins\org.eclipse.justj.openjdk.hotspot.jre.full.win32.x86_64_17.0.6.v20230204-1729\jre\bin\javaw.exe
0x00007fff79490000 - 0x00007fff796a7000 	C:\Windows\SYSTEM32\ntdll.dll
0x00007fff77dd0000 - 0x00007fff77e94000 	C:\Windows\System32\KERNEL32.DLL
0x00007fff76b90000 - 0x00007fff76f49000 	C:\Windows\System32\KERNELBASE.dll
0x00007fff76960000 - 0x00007fff76a71000 	C:\Windows\System32\ucrtbase.dll
0x00007fff55720000 - 0x00007fff55737000 	C:\Users\Trung\.p2\pool\plugins\org.eclipse.justj.openjdk.hotspot.jre.full.win32.x86_64_17.0.6.v20230204-1729\jre\bin\jli.dll
0x00007fff56540000 - 0x00007fff56559000 	C:\Users\Trung\.p2\pool\plugins\org.eclipse.justj.openjdk.hotspot.jre.full.win32.x86_64_17.0.6.v20230204-1729\jre\bin\VCRUNTIME140.dll
0x00007fff774d0000 - 0x00007fff7767e000 	C:\Windows\System32\USER32.dll
0x00007fff76930000 - 0x00007fff76956000 	C:\Windows\System32\win32u.dll
0x00007fff5e380000 - 0x00007fff5e612000 	C:\Windows\WinSxS\amd64_microsoft.windows.common-controls_6595b64144ccf1df_6.0.22621.4391_none_2715d37f73803e96\COMCTL32.dll
0x00007fff77da0000 - 0x00007fff77dc9000 	C:\Windows\System32\GDI32.dll
0x00007fff77cf0000 - 0x00007fff77d97000 	C:\Windows\System32\msvcrt.dll
0x00007fff76f50000 - 0x00007fff7706b000 	C:\Windows\System32\gdi32full.dll
0x00007fff76a80000 - 0x00007fff76b1a000 	C:\Windows\System32\msvcp_win.dll
0x00007fff771b0000 - 0x00007fff771e1000 	C:\Windows\System32\IMM32.DLL
0x00007fff57fb0000 - 0x00007fff57fbc000 	C:\Users\Trung\.p2\pool\plugins\org.eclipse.justj.openjdk.hotspot.jre.full.win32.x86_64_17.0.6.v20230204-1729\jre\bin\vcruntime140_1.dll
0x00007fff3eb00000 - 0x00007fff3eb91000 	C:\Users\Trung\.p2\pool\plugins\org.eclipse.justj.openjdk.hotspot.jre.full.win32.x86_64_17.0.6.v20230204-1729\jre\bin\msvcp140.dll
0x00007ffe83160000 - 0x00007ffe83da7000 	C:\Users\Trung\.p2\pool\plugins\org.eclipse.justj.openjdk.hotspot.jre.full.win32.x86_64_17.0.6.v20230204-1729\jre\bin\server\jvm.dll
0x00007fff79210000 - 0x00007fff792c2000 	C:\Windows\System32\ADVAPI32.dll
0x00007fff77a10000 - 0x00007fff77ab7000 	C:\Windows\System32\sechost.dll
0x00007fff76900000 - 0x00007fff76928000 	C:\Windows\System32\bcrypt.dll
0x00007fff77fa0000 - 0x00007fff780b4000 	C:\Windows\System32\RPCRT4.dll
0x00007fff6beb0000 - 0x00007fff6bee4000 	C:\Windows\SYSTEM32\WINMM.dll
0x00007fff56000000 - 0x00007fff56009000 	C:\Windows\SYSTEM32\WSOCK32.dll
0x00007fff66e30000 - 0x00007fff66e3a000 	C:\Windows\SYSTEM32\VERSION.dll
0x00007fff78540000 - 0x00007fff785b1000 	C:\Windows\System32\WS2_32.dll
0x00007fff757e0000 - 0x00007fff757f8000 	C:\Windows\SYSTEM32\kernel.appcore.dll
0x00007fff6c4c0000 - 0x00007fff6c4ca000 	C:\Users\Trung\.p2\pool\plugins\org.eclipse.justj.openjdk.hotspot.jre.full.win32.x86_64_17.0.6.v20230204-1729\jre\bin\jimage.dll
0x00007fff74070000 - 0x00007fff742a2000 	C:\Windows\SYSTEM32\DBGHELP.DLL
0x00007fff77680000 - 0x00007fff77a0f000 	C:\Windows\System32\combase.dll
0x00007fff79130000 - 0x00007fff79207000 	C:\Windows\System32\OLEAUT32.dll
0x00007fff648b0000 - 0x00007fff648e2000 	C:\Windows\SYSTEM32\dbgcore.DLL
0x00007fff77070000 - 0x00007fff770eb000 	C:\Windows\System32\bcryptPrimitives.dll
0x00007fff5c2b0000 - 0x00007fff5c2d5000 	C:\Users\Trung\.p2\pool\plugins\org.eclipse.justj.openjdk.hotspot.jre.full.win32.x86_64_17.0.6.v20230204-1729\jre\bin\java.dll
0x00007fff58320000 - 0x00007fff58338000 	C:\Users\Trung\.p2\pool\plugins\org.eclipse.justj.openjdk.hotspot.jre.full.win32.x86_64_17.0.6.v20230204-1729\jre\bin\zip.dll
0x00007fff785c0000 - 0x00007fff78e36000 	C:\Windows\System32\SHELL32.dll
0x00007fff74690000 - 0x00007fff74f93000 	C:\Windows\SYSTEM32\windows.storage.dll
0x00007fff74550000 - 0x00007fff7468f000 	C:\Windows\SYSTEM32\wintypes.dll
0x00007fff77b80000 - 0x00007fff77c79000 	C:\Windows\System32\SHCORE.dll
0x00007fff78f00000 - 0x00007fff78f5e000 	C:\Windows\System32\shlwapi.dll
0x00007fff766c0000 - 0x00007fff766eb000 	C:\Windows\SYSTEM32\profapi.dll
0x00007fff57f90000 - 0x00007fff57fa9000 	C:\Users\Trung\.p2\pool\plugins\org.eclipse.justj.openjdk.hotspot.jre.full.win32.x86_64_17.0.6.v20230204-1729\jre\bin\net.dll
0x00007fff6f250000 - 0x00007fff6f386000 	C:\Windows\SYSTEM32\WINHTTP.dll
0x00007fff75cf0000 - 0x00007fff75d59000 	C:\Windows\system32\mswsock.dll
0x00007fff57a00000 - 0x00007fff57a15000 	C:\Users\Trung\.p2\pool\plugins\org.eclipse.justj.openjdk.hotspot.jre.full.win32.x86_64_17.0.6.v20230204-1729\jre\bin\nio.dll
0x00007fff11880000 - 0x00007fff11a0e000 	C:\Users\Trung\.p2\pool\plugins\org.eclipse.justj.openjdk.hotspot.jre.full.win32.x86_64_17.0.6.v20230204-1729\jre\bin\awt.dll
0x00007fff6e1e0000 - 0x00007fff6e277000 	C:\Windows\SYSTEM32\apphelp.dll
0x00007fff71030000 - 0x00007fff710e1000 	C:\Windows\system32\uxtheme.dll
0x00007fff792d0000 - 0x00007fff79430000 	C:\Windows\System32\MSCTF.dll
0x00007fff77320000 - 0x00007fff774c5000 	C:\Windows\System32\ole32.dll
0x00007fff73840000 - 0x00007fff7386b000 	C:\Windows\system32\DWMAPI.DLL
0x00007fff3ea70000 - 0x00007fff3eaf6000 	C:\Users\Trung\.p2\pool\plugins\org.eclipse.justj.openjdk.hotspot.jre.full.win32.x86_64_17.0.6.v20230204-1729\jre\bin\freetype.dll
0x00007fff1ae70000 - 0x00007fff1af35000 	C:\Users\Trung\.p2\pool\plugins\org.eclipse.justj.openjdk.hotspot.jre.full.win32.x86_64_17.0.6.v20230204-1729\jre\bin\fontmanager.dll
0x00007fff59af0000 - 0x00007fff59bf0000 	C:\Windows\system32\opengl32.dll
0x00007fff59330000 - 0x00007fff5935d000 	C:\Windows\SYSTEM32\GLU32.dll
0x00007fff738b0000 - 0x00007fff738e7000 	C:\Windows\SYSTEM32\dxcore.dll
0x00007fff780c0000 - 0x00007fff78534000 	C:\Windows\System32\SETUPAPI.dll
0x00007fff76480000 - 0x00007fff764ce000 	C:\Windows\SYSTEM32\cfgmgr32.dll
0x00007fff66000000 - 0x00007fff663c1000 	C:\Windows\System32\DriverStore\FileRepository\iigd_dch.inf_amd64_e31d62740aef2af9\igdgmm64.dll
0x00007fff6b4b0000 - 0x00007fff6b4f9000 	C:\Windows\SYSTEM32\directxdatabasehelper.dll
0x00007fff76430000 - 0x00007fff76442000 	C:\Windows\SYSTEM32\msasn1.dll
0x00007fff66d10000 - 0x00007fff66d42000 	C:\Windows\SYSTEM32\cryptnet.dll
0x00007fff76790000 - 0x00007fff768f6000 	C:\Windows\System32\CRYPT32.dll
0x00007fff76020000 - 0x00007fff7602c000 	C:\Windows\SYSTEM32\cryptbase.dll
0x00007fff76b20000 - 0x00007fff76b8c000 	C:\Windows\System32\WINTRUST.DLL
0x00007fff79430000 - 0x00007fff7944f000 	C:\Windows\System32\imagehlp.dll
0x00007fff76040000 - 0x00007fff7605b000 	C:\Windows\SYSTEM32\CRYPTSP.dll
0x00007fff75800000 - 0x00007fff75835000 	C:\Windows\system32\rsaenh.dll
0x00007fff75d60000 - 0x00007fff75d86000 	C:\Windows\SYSTEM32\gpapi.dll
0x00007fff78e40000 - 0x00007fff78ef0000 	C:\Windows\System32\clbcatq.dll
0x00007fff70e00000 - 0x00007fff70fb0000 	C:\Windows\SYSTEM32\WindowsCodecs.dll
0x00007fff2bf60000 - 0x00007fff2bfbe000 	C:\Windows\system32\dataexchange.dll
0x00007fff68f20000 - 0x00007fff691c4000 	C:\Windows\system32\twinapi.appcore.dll
0x00007fff5d910000 - 0x00007fff5da55000 	C:\Windows\SYSTEM32\textinputframework.dll
0x00007fff6dc50000 - 0x00007fff6dd83000 	C:\Windows\SYSTEM32\CoreMessaging.dll
0x00007fff6ad40000 - 0x00007fff6b0ad000 	C:\Windows\SYSTEM32\CoreUIComponents.dll
0x00007fff55250000 - 0x00007fff55261000 	C:\Users\Trung\.p2\pool\plugins\org.eclipse.justj.openjdk.hotspot.jre.full.win32.x86_64_17.0.6.v20230204-1729\jre\bin\jsound.dll
0x00007ffecdda0000 - 0x00007ffecde42000 	C:\Windows\SYSTEM32\DSOUND.dll
0x00007ffecb9d0000 - 0x00007ffecba81000 	C:\Windows\SYSTEM32\ResampleDmo.DLL
0x00007fff755e0000 - 0x00007fff7562d000 	C:\Windows\SYSTEM32\powrprof.dll
0x00007fff454a0000 - 0x00007fff454c9000 	C:\Windows\SYSTEM32\winmmbase.dll
0x00007fff3b2f0000 - 0x00007fff3b2fb000 	C:\Windows\SYSTEM32\msdmo.dll
0x00007fff755c0000 - 0x00007fff755d3000 	C:\Windows\SYSTEM32\UMPDC.dll
0x00007fff627b0000 - 0x00007fff6284e000 	C:\Windows\System32\MMDevApi.dll
0x00007fff76450000 - 0x00007fff7647c000 	C:\Windows\System32\DEVOBJ.dll
0x00007ffed5710000 - 0x00007ffed5756000 	C:\Windows\SYSTEM32\wdmaud.drv
0x00007fff42e60000 - 0x00007fff42e69000 	C:\Windows\SYSTEM32\ksuser.dll
0x00007fff6f550000 - 0x00007fff6f55b000 	C:\Windows\SYSTEM32\AVRT.dll
0x00007fff5dab0000 - 0x00007fff5dc9d000 	C:\Windows\SYSTEM32\AUDIOSES.DLL
0x00007ffee2560000 - 0x00007ffee256e000 	C:\Windows\SYSTEM32\msacm32.drv
0x00007ffee2540000 - 0x00007ffee255e000 	C:\Windows\SYSTEM32\MSACM32.dll
0x00007ffed60d0000 - 0x00007ffed60db000 	C:\Windows\SYSTEM32\midimap.dll
0x00007fff73e60000 - 0x00007fff73e75000 	C:\Windows\SYSTEM32\resourcepolicyclient.dll
0x00007fff5d6a0000 - 0x00007fff5d819000 	C:\Windows\System32\Windows.UI.dll
0x00007ffebc700000 - 0x00007ffebe5a2000 	C:\Users\Trung\Downloads\opencv\build\java\x64\opencv_java310.dll
0x00007fff44be0000 - 0x00007fff44bfa000 	C:\Windows\SYSTEM32\AVICAP32.dll
0x00007fff41d20000 - 0x00007fff41d4b000 	C:\Windows\SYSTEM32\MSVFW32.dll
0x00007fff41230000 - 0x00007fff41254000 	C:\Windows\SYSTEM32\AVIFIL32.dll
0x00007fff34150000 - 0x00007fff34171000 	C:\Windows\System32\devenum.dll
0x00007fff75990000 - 0x00007fff759c4000 	C:\Windows\SYSTEM32\ntmarta.dll
0x00007fff40e70000 - 0x00007fff40ea9000 	C:\Windows\System32\qcap.dll
0x00007fff11c30000 - 0x00007fff11e17000 	C:\Windows\System32\quartz.dll
0x00007ffeceb50000 - 0x00007ffeceb8b000 	C:\Windows\System32\mfksproxy.dll
0x00007fff1c8c0000 - 0x00007fff1c8de000 	C:\Windows\System32\ATL.DLL
0x00007fff6ea50000 - 0x00007fff6ec1e000 	C:\Windows\System32\MFPlat.DLL
0x00007fff6e8e0000 - 0x00007fff6e913000 	C:\Windows\System32\RTWorkQ.DLL
0x00007fff6eeb0000 - 0x00007fff6f24b000 	C:\Windows\System32\MFCORE.dll
0x00007fff2a4d0000 - 0x00007fff2a56e000 	C:\Windows\System32\FrameServerClient.dll
0x00007fff6f580000 - 0x00007fff6f5ff000 	C:\Windows\System32\MFSENSORGROUP.dll
0x00007fff764f0000 - 0x00007fff764fa000 	C:\Windows\SYSTEM32\DPAPI.dll
0x00007fff256f0000 - 0x00007fff256f9000 	C:\Windows\SYSTEM32\DCIMAN32.DLL
0x00007fff42d80000 - 0x00007fff42d97000 	C:\Windows\SYSTEM32\vfwwdm32.dll
0x00007fff29e50000 - 0x00007fff29ee5000 	C:\Windows\System32\Windows.Media.MediaControl.dll
0x00007fff5ad40000 - 0x00007fff5ae61000 	C:\Windows\System32\MFReadWrite.dll
0x00007fff44c10000 - 0x00007fff44c36000 	C:\Windows\System32\kswdmcap.ax
0x00007fff44e70000 - 0x00007fff44e7f000 	C:\Windows\System32\vidcap.ax
0x00007fff3b2b0000 - 0x00007fff3b2c5000 	C:\Windows\SYSTEM32\bdmjpeg64.dll
0x00007ffed0ba0000 - 0x00007ffed1032000 	C:\Program Files (x86)\BandiMPEG1\bdfilters64.dll
0x00007fff5ac80000 - 0x00007fff5ac9d000 	C:\Windows\SYSTEM32\OpenCL.dll
0x00007fff6ed60000 - 0x00007fff6eea4000 	C:\Windows\System32\AppXDeploymentClient.dll
0x00007fff73730000 - 0x00007fff73827000 	C:\Windows\SYSTEM32\dxgi.dll
0x00007ffec70d0000 - 0x00007ffec764a000 	C:\Windows\System32\DriverStore\FileRepository\iigd_dch.inf_amd64_e31d62740aef2af9\igdrcl64.dll
0x00007ffea94c0000 - 0x00007ffeaa6b7000 	C:\Windows\System32\DriverStore\FileRepository\nvacegpu.inf_amd64_e34030d00c20947b\nvopencl64.dll
0x00007fff650c0000 - 0x00007fff657b2000 	C:\Windows\SYSTEM32\nvapi64.dll
0x00007fff75d90000 - 0x00007fff75db8000 	C:\Windows\SYSTEM32\USERENV.dll
0x00007fff75270000 - 0x00007fff7529d000 	C:\Windows\SYSTEM32\IPHLPAPI.DLL
0x00007fff77c80000 - 0x00007fff77c89000 	C:\Windows\System32\NSI.dll
0x00007fff6f650000 - 0x00007fff6f669000 	C:\Windows\SYSTEM32\dhcpcsvc6.DLL

dbghelp: loaded successfully - version: 4.0.5 - missing functions: none
symbol engine: initialized successfully - sym options: 0x614 - pdb path: .;C:\Users\Trung\.p2\pool\plugins\org.eclipse.justj.openjdk.hotspot.jre.full.win32.x86_64_17.0.6.v20230204-1729\jre\bin;C:\Windows\SYSTEM32;C:\Windows\WinSxS\amd64_microsoft.windows.common-controls_6595b64144ccf1df_6.0.22621.4391_none_2715d37f73803e96;C:\Users\Trung\.p2\pool\plugins\org.eclipse.justj.openjdk.hotspot.jre.full.win32.x86_64_17.0.6.v20230204-1729\jre\bin\server;C:\Windows\System32\DriverStore\FileRepository\iigd_dch.inf_amd64_e31d62740aef2af9;C:\Windows\System32\DriverStore\FileRepository\nvacegpu.inf_amd64_e34030d00c20947b;C:\Users\Trung\Downloads\opencv\build\java\x64;C:\Program Files (x86)\BandiMPEG1

VM Arguments:
jvm_args: -Djava.library.path=C:\Users\Trung\Downloads\opencv\build\java\x64 -Dfile.encoding=UTF-8 -XX:+ShowCodeDetailsInExceptionMessages 
java_command: client.LoginForm
java_class_path (initial): D:\java-TCP-IP-chatApp-master\java-TCP-IP-chatApp-master\Client\build\classes;C:\Users\Trung\Downloads\opencv\build\java\opencv-310.jar
Launcher Type: SUN_STANDARD

[Global flags]
     intx CICompilerCount                          = 4                                         {product} {ergonomic}
     uint ConcGCThreads                            = 3                                         {product} {ergonomic}
     uint G1ConcRefinementThreads                  = 10                                        {product} {ergonomic}
   size_t G1HeapRegionSize                         = 1048576                                   {product} {ergonomic}
    uintx GCDrainStackTargetSize                   = 64                                        {product} {ergonomic}
   size_t InitialHeapSize                          = 132120576                                 {product} {ergonomic}
   size_t MarkStackSize                            = 4194304                                   {product} {ergonomic}
   size_t MaxHeapSize                              = 2090860544                                {product} {ergonomic}
   size_t MaxNewSize                               = 1254096896                                {product} {ergonomic}
   size_t MinHeapDeltaBytes                        = 1048576                                   {product} {ergonomic}
   size_t MinHeapSize                              = 8388608                                   {product} {ergonomic}
    uintx NonNMethodCodeHeapSize                   = 5839372                                {pd product} {ergonomic}
    uintx NonProfiledCodeHeapSize                  = 122909434                              {pd product} {ergonomic}
    uintx ProfiledCodeHeapSize                     = 122909434                              {pd product} {ergonomic}
    uintx ReservedCodeCacheSize                    = 251658240                              {pd product} {ergonomic}
     bool SegmentedCodeCache                       = true                                      {product} {ergonomic}
     bool ShowCodeDetailsInExceptionMessages       = true                                   {manageable} {command line}
   size_t SoftMaxHeapSize                          = 2090860544                             {manageable} {ergonomic}
     bool UseCompressedClassPointers               = true                           {product lp64_product} {ergonomic}
     bool UseCompressedOops                        = true                           {product lp64_product} {ergonomic}
     bool UseG1GC                                  = true                                      {product} {ergonomic}
     bool UseLargePagesIndividualAllocation        = false                                  {pd product} {ergonomic}

Logging:
Log output configuration:
 #0: stdout all=off uptime,level,tags
 #1: stderr all=off uptime,level,tags

Environment Variables:
PATH=C:/Users/Trung/.p2/pool/plugins/org.eclipse.justj.openjdk.hotspot.jre.full.win32.x86_64_17.0.6.v20230204-1729/jre/bin/server;C:/Users/Trung/.p2/pool/plugins/org.eclipse.justj.openjdk.hotspot.jre.full.win32.x86_64_17.0.6.v20230204-1729/jre/bin;C:\Program Files (x86)\VMware\VMware Workstation\bin\;C:\Program Files\Microsoft MPI\Bin\;C:\Program Files\Common Files\Oracle\Java\javapath;C:\Program Files (x86)\Common Files\Oracle\Java\java8path;C:\Program Files (x86)\Common Files\Oracle\Java\javapath;C:\Windows\system32;C:\Windows;C:\Windows\System32\Wbem;C:\Windows\System32\WindowsPowerShell\v1.0\;C:\Windows\System32\OpenSSH\;C:\MinGW\bin;C:\Program Files\Git\cmd;C:\Program Files\Microsoft SQL Server\Client SDK\ODBC\170\Tools\Binn\;C:\Program Files (x86)\dotnet\;C:\xampp\htdocs;C:\composer;C:\Program Files\nodejs\;C:\Program Files\dotnet\;C:\Program Files\Cloudflare\Cloudflare WARP\;C:\Program Files\Docker\Docker\resources\bin;C:\Program Files\Microsoft SQL Server\150\Tools\Binn\;C:\Program Files (x86)\Microsoft SQL Server\160\Tools\Binn\;C:\Program Files\Microsoft SQL Server\160\Tools\Binn\;C:\Program Files\Microsoft SQL Server\160\DTS\Binn\;C:\Program Files (x86)\Microsoft SQL Server\160\DTS\Binn\;C:\Program Files\Microsoft SQL Server\130\DTS\Binn\;C:\Program Files\Microsoft SQL Server\140\DTS\Binn\;C:\Program Files\Microsoft SQL Server\150\DTS\Binn\;C:\Users\Trung\AppData\Local\Programs\Python\Python312\Scripts\;C:\Users\Trung\AppData\Local\Programs\Python\Python312\;C:\Users\Trung\AppData\Local\Programs\Python\Launcher\;C:\Users\Trung\AppData\Local\Microsoft\WindowsApps;C:\xampp\php;C:\Users\Trung\AppData\Local\Programs\Microsoft VS Code\bin;C:\Program Files\JetBrains\IntelliJ IDEA Community Edition 2022.3.3\bin;;C:\Users\Trung\AppData\Local\GitHubDesktop\bin;C:\Program Files\JetBrains\PhpStorm 2023.2\bin;;C:\Users\Trung\AppData\Roaming\Composer\vendor\bin;C:\Users\Trung\AppData\Roaming\npm;C:\Users\Trung\.dotnet\tools;C:\Windows\system32;
USERNAME=Trung
OS=Windows_NT
PROCESSOR_IDENTIFIER=Intel64 Family 6 Model 141 Stepping 1, GenuineIntel
TMP=C:\Users\Trung\AppData\Local\Temp
TEMP=C:\Users\Trung\AppData\Local\Temp



---------------  S Y S T E M  ---------------

OS:
 Windows 11 , 64 bit Build 22621 (10.0.22621.4391)
OS uptime: 0 days 16:24 hours
Hyper-V role detected

CPU: total 12 (initial active 12) (6 cores per cpu, 2 threads per core) family 6 model 141 stepping 1 microcode 0x3c, cx8, cmov, fxsr, ht, mmx, 3dnowpref, sse, sse2, sse3, ssse3, sse4.1, sse4.2, popcnt, lzcnt, tsc, tscinvbit, avx, avx2, aes, erms, clmul, bmi1, bmi2, adx, avx512f, avx512dq, avx512cd, avx512bw, avx512vl, sha, fma, vzeroupper, avx512_vpopcntdq, avx512_vpclmulqdq, avx512_vaes, avx512_vnni, clflush, clflushopt, clwb, avx512_vbmi2, avx512_vbmi, hv

Memory: 4k page, system-wide physical 7971M (914M free)
TotalPageFile size 28689M (AvailPageFile size 3843M)
current process WorkingSet (physical memory assigned to process): 222M, peak: 251M
current process commit charge ("private bytes"): 293M, peak: 331M

vm_info: OpenJDK 64-Bit Server VM (17.0.6+10) for windows-amd64 JRE (17.0.6+10), built on Jan 18 2023 10:08:59 by "temurin" with MS VC++ 16.7 (VS2019)

END.
