#
# A fatal error has been detected by the Java Runtime Environment:
#
#  EXCEPTION_ACCESS_VIOLATION (0xc0000005) at pc=0x00007fff29e54174, pid=27948, tid=22924
#
# JRE version: OpenJDK Runtime Environment Temurin-17.0.6+10 (17.0.6+10) (build 17.0.6+10)
# Java VM: OpenJDK 64-Bit Server VM Temurin-17.0.6+10 (17.0.6+10, mixed mode, tiered, compressed oops, compressed class ptrs, g1 gc, windows-amd64)
# Problematic frame:
# C  [Windows.Media.MediaControl.dll+0x4174]
#
# No core dump will be written. Minidumps are not enabled by default on client versions of Windows
#
# If you would like to submit a bug report, please visit:
#   https://github.com/adoptium/adoptium-support/issues
#

---------------  S U M M A R Y ------------

Command Line: -Djava.library.path=C:\Users\Trung\Downloads\opencv\build\java\x64 -Dfile.encoding=UTF-8 -XX:+ShowCodeDetailsInExceptionMessages client.LoginForm

Host: 11th Gen Intel(R) Core(TM) i5-11400H @ 2.70GHz, 12 cores, 7G,  Windows 11 , 64 bit Build 22621 (10.0.22621.4391)
Time: Mon Nov 25 10:43:01 2024 SE Asia Standard Time elapsed time: 106.416866 seconds (0d 0h 1m 46s)

---------------  T H R E A D  ---------------

Current thread (0x00000252cf0ccbe0):  VMThread "VM Thread" [stack: 0x0000006216a00000,0x0000006216b00000] [id=22924]

Stack: [0x0000006216a00000,0x0000006216b00000],  sp=0x0000006216afe410,  free space=1017k
Native frames: (J=compiled Java code, j=interpreted, Vv=VM code, C=native code)
C  [Windows.Media.MediaControl.dll+0x4174]


siginfo: EXCEPTION_ACCESS_VIOLATION (0xc0000005), reading address 0x0000000000000000


Register to memory mapping:

RIP=0x00007fff29e54174 Windows.Media.MediaControl.dll
RAX=0x00007fff29ead588 Windows.Media.MediaControl.dll
RBX=0x00000252d28f1470 points into unknown readable memory: 0x00007fff29ead7f8 | f8 d7 ea 29 ff 7f 00 00
RCX=0x0 is NULL
RDX=0x0000000000000201 is an unknown value
RSP=0x0000006216afe410 points into unknown readable memory: 0x0000000000000000 | 00 00 00 00 00 00 00 00
RBP=0x00000252cfee3210 points into unknown readable memory: 0x00007fff29ead270 | 70 d2 ea 29 ff 7f 00 00
RSI=0x0 is NULL
RDI=0x0000000000000001 is an unknown value
R8 =0x0 is NULL
R9 =0x00007fff29e541f0 Windows.Media.MediaControl.dll
R10=0xbd1c0e5d7c50e970 is an unknown value
R11=0x0000006216afe4e0 points into unknown readable memory: 0x0000000000000001 | 01 00 00 00 00 00 00 00
R12=0x0 is NULL
R13=0x00000252d04f14c0 points into unknown readable memory: 0x00000252d059ba98 | 98 ba 59 d0 52 02 00 00
R14=0x00007fff29e541f0 Windows.Media.MediaControl.dll
R15=0x0 is NULL


Registers:
RAX=0x00007fff29ead588, RBX=0x00000252d28f1470, RCX=0x0000000000000000, RDX=0x0000000000000201
RSP=0x0000006216afe410, RBP=0x00000252cfee3210, RSI=0x0000000000000000, RDI=0x0000000000000001
R8 =0x0000000000000000, R9 =0x00007fff29e541f0, R10=0xbd1c0e5d7c50e970, R11=0x0000006216afe4e0
R12=0x0000000000000000, R13=0x00000252d04f14c0, R14=0x00007fff29e541f0, R15=0x0000000000000000
RIP=0x00007fff29e54174, EFLAGS=0x0000000000010246

Top of Stack: (sp=0x0000006216afe410)
0x0000006216afe410:   0000000000000000 0000000000000000
0x0000006216afe420:   0000000000000000 0000000000000000
0x0000006216afe430:   00000252d0263c88 00007fff29e53e84
0x0000006216afe440:   0000000000000000 0000000000000008
0x0000006216afe450:   0000000000000000 0000000000000000
0x0000006216afe460:   0000000000000000 00007fff29e5422d
0x0000006216afe470:   00000252d052cfd0 00007fff794cc360
0x0000006216afe480:   00000252d2b44adf 0000025200000010
0x0000006216afe490:   00000252d04f14c0 00007fff29e556b4
0x0000006216afe4a0:   00000252d2b42e90 00007fff794cb001
0x0000006216afe4b0:   00000252cfd1a86f 0000025200000006
0x0000006216afe4c0:   0000000000000000 0000000000000000
0x0000006216afe4d0:   0000000000000000 00000252cfee3298
0x0000006216afe4e0:   0000000000000001 00000252d28f1470
0x0000006216afe4f0:   00000252d0263c80 00007fff29e5368e
0x0000006216afe500:   00000252d0263c88 0000000000000008 

Instructions: (pc=0x00007fff29e54174)
0x00007fff29e54074:   cc cc cc cc 71 b1 5e 36 10 1f ac ba 40 53 48 83
0x00007fff29e54084:   ec 20 8b 51 0c 81 fa ff ff ff 7f 74 12 44 8d 42
0x00007fff29e54094:   ff 8b c2 f0 44 0f b1 41 0c 0f 85 2d 90 00 00 8d
0x00007fff29e540a4:   5a ff 85 db 74 09 8b c3 48 83 c4 20 5b c3 cc 48
0x00007fff29e540b4:   85 c9 74 1c 48 8b 01 49 ba 70 e9 50 7c 5d 0e 1c
0x00007fff29e540c4:   bd 48 8b 40 20 ba 01 00 00 00 ff 15 5c c4 06 00
0x00007fff29e540d4:   48 8b 0d e5 48 08 00 48 85 c9 74 ca 48 8b 11 49
0x00007fff29e540e4:   ba 70 b0 5f 14 26 1e 8d d6 48 8b 42 10 ff 15 39
0x00007fff29e540f4:   c4 06 00 eb b1 cc cc cc cc cc cc cc cc cc cc cc
0x00007fff29e54104:   cc cc cc cc 71 d8 da 56 73 b6 41 fd 8b 41 0c 3d
0x00007fff29e54114:   ff ff ff 7f 74 12 8d 50 01 f0 0f b1 51 0c 0f 85
0x00007fff29e54124:   bc 8f 00 00 8b c2 c3 cc b8 ff ff ff 7f c3 cc cc
0x00007fff29e54134:   cc cc cc cc 71 e9 50 7c 5d 0e 1c bd 48 89 5c 24
0x00007fff29e54144:   08 48 89 74 24 10 57 48 83 ec 20 8b fa 48 8b d9
0x00007fff29e54154:   48 8d 05 2d 94 05 00 48 89 41 30 8b 51 38 33 f6
0x00007fff29e54164:   85 d2 74 26 39 71 3c 7c 1e 48 8b 0d bc 48 08 00
0x00007fff29e54174:   48 8b 01 49 ba 70 fa dd 56 c0 0e 99 82 48 8b 40
0x00007fff29e54184:   20 ff 15 a5 c3 06 00 89 73 38 c7 43 2c 01 00 00
0x00007fff29e54194:   c0 48 8b 4b 20 48 85 c9 74 1c 48 89 73 20 48 8b
0x00007fff29e541a4:   01 49 ba 70 b1 5e 36 10 1f ac ba 48 8b 40 10 ff
0x00007fff29e541b4:   15 77 c3 06 00 90 40 f6 c7 01 74 0d ba 40 00 00
0x00007fff29e541c4:   00 48 8b cb e8 5b 19 00 00 48 8b c3 48 8b 5c 24
0x00007fff29e541d4:   30 48 8b 74 24 38 48 83 c4 20 5f c3 cc cc cc cc
0x00007fff29e541e4:   cc cc cc cc 71 90 5b 12 e7 9e 70 ce e9 0b 00 00
0x00007fff29e541f4:   00 cc cc cc cc cc cc cc cc cc cc cc 48 83 ec 28
0x00007fff29e54204:   48 8b c1 48 8b 09 48 85 c9 74 25 48 c7 00 00 00
0x00007fff29e54214:   00 00 48 8b 01 49 ba 70 b1 5e 36 10 1f ac ba 48
0x00007fff29e54224:   8b 40 10 ff 15 03 c3 06 00 90 48 83 c4 28 c3 cc
0x00007fff29e54234:   33 c0 eb f6 71 d8 da 56 73 b6 41 fd 8b 41 0c 3d
0x00007fff29e54244:   ff ff ff 7f 74 12 8d 50 01 f0 0f b1 51 0c 0f 85
0x00007fff29e54254:   a0 8e 00 00 8b c2 c3 cc b8 ff ff ff 7f c3 cc cc
0x00007fff29e54264:   cc cc cc cc 71 d8 da 56 73 b6 41 fd 8b 41 2c 3d 


Stack slot to memory mapping:
stack at sp + 0 slots: 0x0 is NULL
stack at sp + 1 slots: 0x0 is NULL
stack at sp + 2 slots: 0x0 is NULL
stack at sp + 3 slots: 0x0 is NULL
stack at sp + 4 slots: 0x00000252d0263c88 points into unknown readable memory: 0x0000000000000000 | 00 00 00 00 00 00 00 00
stack at sp + 5 slots: 0x00007fff29e53e84 Windows.Media.MediaControl.dll
stack at sp + 6 slots: 0x0 is NULL
stack at sp + 7 slots: 0x0000000000000008 is an unknown value

VM_Operation (0x0000006217afe940): Exit, mode: safepoint, requested by thread 0x00000252d012caa0


---------------  P R O C E S S  ---------------

Threads class SMR info:
_java_thread_list=0x00000252d05c6860, length=19, elements={
0x00000252cf0d1450, 0x00000252cf0d2000, 0x00000252cfc41280, 0x00000252cfc43c50,
0x00000252cfc46610, 0x00000252cfc471d0, 0x00000252cfc541f0, 0x00000252cfc56ca0,
0x00000252cfc596a0, 0x00000252cfdc6f40, 0x00000252cfdd3c70, 0x00000252d0092410,
0x00000252d00928e0, 0x00000252d012caa0, 0x00000252b4de2760, 0x00000252d02ac6f0,
0x00000252d04c4840, 0x00000252d04c1820, 0x00000252d04c1cf0
}

Java Threads: ( => current thread )
  0x00000252cf0d1450 JavaThread "Reference Handler" daemon [_thread_blocked, id=9592, stack(0x0000006216b00000,0x0000006216c00000)]
  0x00000252cf0d2000 JavaThread "Finalizer" daemon [_thread_blocked, id=1624, stack(0x0000006216c00000,0x0000006216d00000)]
  0x00000252cfc41280 JavaThread "Signal Dispatcher" daemon [_thread_blocked, id=3708, stack(0x0000006216d00000,0x0000006216e00000)]
  0x00000252cfc43c50 JavaThread "Attach Listener" daemon [_thread_blocked, id=21276, stack(0x0000006216e00000,0x0000006216f00000)]
  0x00000252cfc46610 JavaThread "Service Thread" daemon [_thread_blocked, id=13888, stack(0x0000006216f00000,0x0000006217000000)]
  0x00000252cfc471d0 JavaThread "Monitor Deflation Thread" daemon [_thread_blocked, id=22452, stack(0x0000006217000000,0x0000006217100000)]
  0x00000252cfc541f0 JavaThread "C2 CompilerThread0" daemon [_thread_blocked, id=3448, stack(0x0000006217100000,0x0000006217200000)]
  0x00000252cfc56ca0 JavaThread "C1 CompilerThread0" daemon [_thread_blocked, id=30936, stack(0x0000006217200000,0x0000006217300000)]
  0x00000252cfc596a0 JavaThread "Sweeper thread" daemon [_thread_blocked, id=25788, stack(0x0000006217300000,0x0000006217400000)]
  0x00000252cfdc6f40 JavaThread "Notification Thread" daemon [_thread_blocked, id=20124, stack(0x0000006217400000,0x0000006217500000)]
  0x00000252cfdd3c70 JavaThread "Common-Cleaner" daemon [_thread_blocked, id=940, stack(0x0000006217600000,0x0000006217700000)]
  0x00000252d0092410 JavaThread "Java2D Disposer" daemon [_thread_blocked, id=30232, stack(0x0000006217700000,0x0000006217800000)]
  0x00000252d00928e0 JavaThread "AWT-Shutdown" [_thread_blocked, id=2540, stack(0x0000006217800000,0x0000006217900000)]
  0x00000252d012caa0 JavaThread "AWT-EventQueue-0" [_thread_blocked, id=21436, stack(0x0000006217a00000,0x0000006217b00000)]
  0x00000252b4de2760 JavaThread "DestroyJavaVM" [_thread_blocked, id=30764, stack(0x0000006216400000,0x0000006216500000)]
  0x00000252d02ac6f0 JavaThread "TimerQueue" daemon [_thread_blocked, id=17692, stack(0x0000006217b00000,0x0000006217c00000)]
  0x00000252d04c4840 JavaThread "Java Sound Event Dispatcher" daemon [_thread_blocked, id=14020, stack(0x0000006218300000,0x0000006218400000)]
  0x00000252d04c1820 JavaThread "Direct Clip" daemon [_thread_blocked, id=1944, stack(0x0000006218600000,0x0000006218700000)]
  0x00000252d04c1cf0 JavaThread "Direct Clip" daemon [_thread_blocked, id=24684, stack(0x0000006218700000,0x0000006218800000)]

Other Threads:
=>0x00000252cf0ccbe0 VMThread "VM Thread" [stack: 0x0000006216a00000,0x0000006216b00000] [id=22924]
  0x00000252b4e3d3f0 GCTaskThread "GC Thread#0" [stack: 0x0000006216500000,0x0000006216600000] [id=27344]
  0x00000252d29c7cd0 GCTaskThread "GC Thread#1" [stack: 0x0000006218800000,0x0000006218900000] [id=34304]
  0x00000252d01c4b50 GCTaskThread "GC Thread#2" [stack: 0x0000006218900000,0x0000006218a00000] [id=29756]
  0x00000252d01c5360 GCTaskThread "GC Thread#3" [stack: 0x0000006218a00000,0x0000006218b00000] [id=24872]
  0x00000252d01c4e00 GCTaskThread "GC Thread#4" [stack: 0x0000006218b00000,0x0000006218c00000] [id=32472]
  0x00000252d01c5610 GCTaskThread "GC Thread#5" [stack: 0x0000006218c00000,0x0000006218d00000] [id=32660]
  0x00000252d01c58c0 GCTaskThread "GC Thread#6" [stack: 0x0000006218d00000,0x0000006218e00000] [id=23748]
  0x00000252d01c5b70 GCTaskThread "GC Thread#7" [stack: 0x0000006218e00000,0x0000006218f00000] [id=32224]
  0x00000252d01c4090 GCTaskThread "GC Thread#8" [stack: 0x0000006218f00000,0x0000006219000000] [id=19636]
  0x00000252d01c45f0 GCTaskThread "GC Thread#9" [stack: 0x0000006219000000,0x0000006219100000] [id=30080]
  0x00000252b4e4e410 ConcurrentGCThread "G1 Main Marker" terminated
  0x00000252b4e4ee20 ConcurrentGCThread "G1 Conc#0" [stack: 0x0000006216700000,0x0000006216800000] [id=1508]
  0x00000252d02587c0 ConcurrentGCThread "G1 Conc#1" [stack: 0x000000621a200000,0x000000621a300000] [id=11932]
  0x00000252d0258fd0 ConcurrentGCThread "G1 Conc#2" [stack: 0x000000621a300000,0x000000621a400000] [id=19744]
  0x00000252b4e9c970 ConcurrentGCThread "G1 Refine#0" terminated
  0x00000252b4e9d390 ConcurrentGCThread "G1 Service" terminated

Threads with active compile tasks:

VM state: at safepoint (shutting down)

VM Mutex/Monitor currently owned by a thread:  ([mutex/lock_event])
[0x00000252b4de0180] Threads_lock - owner thread: 0x00000252cf0ccbe0
[0x00000252b4ddfc70] Heap_lock - owner thread: 0x00000252d012caa0

Heap address: 0x0000000083600000, size: 1994 MB, Compressed Oops mode: 32-bit

CDS archive(s) not mapped
Compressed class space mapped at: 0x0000000100000000-0x0000000140000000, reserved size: 1073741824
Narrow klass base: 0x0000000000000000, Narrow klass shift: 3, Narrow klass range: 0x140000000

GC Precious Log:
 CPUs: 12 total, 12 available
 Memory: 7971M
 Large Page Support: Disabled
 NUMA Support: Disabled
 Compressed Oops: Enabled (32-bit)
 Heap Region Size: 1M
 Heap Min Capacity: 8M
 Heap Initial Capacity: 126M
 Heap Max Capacity: 1994M
 Pre-touch: Disabled
 Parallel Workers: 10
 Concurrent Workers: 3
 Concurrent Refinement Workers: 10
 Periodic GC: Disabled

Heap:
 garbage-first heap   total 144384K, used 93387K [0x0000000083600000, 0x0000000100000000)
  region size 1024K, 39 young (39936K), 1 survivors (1024K)
 Metaspace       used 22160K, committed 22400K, reserved 1073152K
  class space    used 2256K, committed 2368K, reserved 1048576K

Heap Regions: E=young(eden), S=young(survivor), O=old, HS=humongous(starts), HC=humongous(continues), CS=collection set, F=free, OA=open archive, CA=closed archive, TAMS=top-at-mark-start (previous, next)
|   0|0x0000000083600000, 0x00000000836f4e00, 0x0000000083700000| 95%| O|  |TAMS 0x0000000083600000, 0x00000000836f4e00| Untracked 
|   1|0x0000000083700000, 0x0000000083800000, 0x0000000083800000|100%|HS|  |TAMS 0x0000000083800000, 0x0000000083800000| Complete 
|   2|0x0000000083800000, 0x0000000083900000, 0x0000000083900000|100%|HC|  |TAMS 0x0000000083900000, 0x0000000083900000| Complete 
|   3|0x0000000083900000, 0x0000000083a00000, 0x0000000083a00000|100%| O|  |TAMS 0x000000008398b000, 0x0000000083a00000| Untracked 
|   4|0x0000000083a00000, 0x0000000083b00000, 0x0000000083b00000|100%|HS|  |TAMS 0x0000000083b00000, 0x0000000083b00000| Complete 
|   5|0x0000000083b00000, 0x0000000083c00000, 0x0000000083c00000|100%|HC|  |TAMS 0x0000000083c00000, 0x0000000083c00000| Complete 
|   6|0x0000000083c00000, 0x0000000083d00000, 0x0000000083d00000|100%|HC|  |TAMS 0x0000000083d00000, 0x0000000083d00000| Complete 
|   7|0x0000000083d00000, 0x0000000083e00000, 0x0000000083e00000|100%|HS|  |TAMS 0x0000000083d00000, 0x0000000083d00000| Complete 
|   8|0x0000000083e00000, 0x0000000083f00000, 0x0000000083f00000|100%|HC|  |TAMS 0x0000000083e00000, 0x0000000083e00000| Complete 
|   9|0x0000000083f00000, 0x0000000084000000, 0x0000000084000000|100%|HC|  |TAMS 0x0000000083f00000, 0x0000000083f00000| Complete 
|  10|0x0000000084000000, 0x0000000084100000, 0x0000000084100000|100%|HS|  |TAMS 0x0000000084100000, 0x0000000084100000| Complete 
|  11|0x0000000084100000, 0x0000000084200000, 0x0000000084200000|100%|HC|  |TAMS 0x0000000084200000, 0x0000000084200000| Complete 
|  12|0x0000000084200000, 0x0000000084300000, 0x0000000084300000|100%|HC|  |TAMS 0x0000000084300000, 0x0000000084300000| Complete 
|  13|0x0000000084300000, 0x0000000084400000, 0x0000000084400000|100%| O|  |TAMS 0x0000000084300000, 0x0000000084400000| Untracked 
|  14|0x0000000084400000, 0x0000000084500000, 0x0000000084500000|100%| O|  |TAMS 0x0000000084400000, 0x0000000084500000| Untracked 
|  15|0x0000000084500000, 0x0000000084600000, 0x0000000084600000|100%|HS|  |TAMS 0x0000000084500000, 0x0000000084600000| Complete 
|  16|0x0000000084600000, 0x0000000084700000, 0x0000000084700000|100%|HC|  |TAMS 0x0000000084600000, 0x0000000084700000| Complete 
|  17|0x0000000084700000, 0x0000000084800000, 0x0000000084800000|100%|HC|  |TAMS 0x0000000084700000, 0x0000000084800000| Complete 
|  18|0x0000000084800000, 0x0000000084900000, 0x0000000084900000|100%|HS|  |TAMS 0x0000000084800000, 0x0000000084900000| Complete 
|  19|0x0000000084900000, 0x0000000084a00000, 0x0000000084a00000|100%|HC|  |TAMS 0x0000000084900000, 0x0000000084a00000| Complete 
|  20|0x0000000084a00000, 0x0000000084b00000, 0x0000000084b00000|100%|HC|  |TAMS 0x0000000084a00000, 0x0000000084b00000| Complete 
|  21|0x0000000084b00000, 0x0000000084c00000, 0x0000000084c00000|100%|HS|  |TAMS 0x0000000084b00000, 0x0000000084b00000| Complete 
|  22|0x0000000084c00000, 0x0000000084d00000, 0x0000000084d00000|100%|HC|  |TAMS 0x0000000084c00000, 0x0000000084c00000| Complete 
|  23|0x0000000084d00000, 0x0000000084e00000, 0x0000000084e00000|100%|HC|  |TAMS 0x0000000084d00000, 0x0000000084d00000| Complete 
|  24|0x0000000084e00000, 0x0000000084f00000, 0x0000000084f00000|100%|HS|  |TAMS 0x0000000084e00000, 0x0000000084e00000| Complete 
|  25|0x0000000084f00000, 0x0000000085000000, 0x0000000085000000|100%|HC|  |TAMS 0x0000000084f00000, 0x0000000084f00000| Complete 
|  26|0x0000000085000000, 0x0000000085100000, 0x0000000085100000|100%|HC|  |TAMS 0x0000000085000000, 0x0000000085000000| Complete 
|  27|0x0000000085100000, 0x0000000085200000, 0x0000000085200000|100%|HS|  |TAMS 0x0000000085100000, 0x0000000085100000| Complete 
|  28|0x0000000085200000, 0x0000000085300000, 0x0000000085300000|100%|HC|  |TAMS 0x0000000085200000, 0x0000000085200000| Complete 
|  29|0x0000000085300000, 0x0000000085400000, 0x0000000085400000|100%|HC|  |TAMS 0x0000000085300000, 0x0000000085300000| Complete 
|  30|0x0000000085400000, 0x0000000085500000, 0x0000000085500000|100%|HS|  |TAMS 0x0000000085400000, 0x0000000085400000| Complete 
|  31|0x0000000085500000, 0x0000000085600000, 0x0000000085600000|100%|HC|  |TAMS 0x0000000085500000, 0x0000000085500000| Complete 
|  32|0x0000000085600000, 0x0000000085700000, 0x0000000085700000|100%|HC|  |TAMS 0x0000000085600000, 0x0000000085600000| Complete 
|  33|0x0000000085700000, 0x0000000085800000, 0x0000000085800000|100%|HS|  |TAMS 0x0000000085700000, 0x0000000085700000| Complete 
|  34|0x0000000085800000, 0x0000000085900000, 0x0000000085900000|100%|HC|  |TAMS 0x0000000085800000, 0x0000000085800000| Complete 
|  35|0x0000000085900000, 0x0000000085a00000, 0x0000000085a00000|100%|HC|  |TAMS 0x0000000085900000, 0x0000000085900000| Complete 
|  36|0x0000000085a00000, 0x0000000085b00000, 0x0000000085b00000|100%|HS|  |TAMS 0x0000000085a00000, 0x0000000085a00000| Complete 
|  37|0x0000000085b00000, 0x0000000085c00000, 0x0000000085c00000|100%|HC|  |TAMS 0x0000000085b00000, 0x0000000085b00000| Complete 
|  38|0x0000000085c00000, 0x0000000085d00000, 0x0000000085d00000|100%|HC|  |TAMS 0x0000000085c00000, 0x0000000085c00000| Complete 
|  39|0x0000000085d00000, 0x0000000085d3def8, 0x0000000085e00000| 24%| S|CS|TAMS 0x0000000085d00000, 0x0000000085d00000| Complete 
|  40|0x0000000085e00000, 0x0000000085f00000, 0x0000000085f00000|100%|HS|  |TAMS 0x0000000085e00000, 0x0000000085e00000| Complete 
|  41|0x0000000085f00000, 0x0000000086000000, 0x0000000086000000|100%|HC|  |TAMS 0x0000000085f00000, 0x0000000085f00000| Complete 
|  42|0x0000000086000000, 0x0000000086100000, 0x0000000086100000|100%|HC|  |TAMS 0x0000000086000000, 0x0000000086000000| Complete 
|  43|0x0000000086100000, 0x0000000086200000, 0x0000000086200000|100%|HS|  |TAMS 0x0000000086100000, 0x0000000086100000| Complete 
|  44|0x0000000086200000, 0x0000000086300000, 0x0000000086300000|100%|HC|  |TAMS 0x0000000086200000, 0x0000000086200000| Complete 
|  45|0x0000000086300000, 0x0000000086400000, 0x0000000086400000|100%|HC|  |TAMS 0x0000000086300000, 0x0000000086300000| Complete 
|  46|0x0000000086400000, 0x0000000086500000, 0x0000000086500000|100%|HS|  |TAMS 0x0000000086400000, 0x0000000086400000| Complete 
|  47|0x0000000086500000, 0x0000000086600000, 0x0000000086600000|100%|HC|  |TAMS 0x0000000086500000, 0x0000000086500000| Complete 
|  48|0x0000000086600000, 0x0000000086700000, 0x0000000086700000|100%|HC|  |TAMS 0x0000000086600000, 0x0000000086600000| Complete 
|  49|0x0000000086700000, 0x0000000086800000, 0x0000000086800000|100%|HS|  |TAMS 0x0000000086700000, 0x0000000086700000| Complete 
|  50|0x0000000086800000, 0x0000000086900000, 0x0000000086900000|100%|HC|  |TAMS 0x0000000086800000, 0x0000000086800000| Complete 
|  51|0x0000000086900000, 0x0000000086a00000, 0x0000000086a00000|100%|HC|  |TAMS 0x0000000086900000, 0x0000000086900000| Complete 
|  52|0x0000000086a00000, 0x0000000086b00000, 0x0000000086b00000|100%|HS|  |TAMS 0x0000000086a00000, 0x0000000086a00000| Complete 
|  53|0x0000000086b00000, 0x0000000086c00000, 0x0000000086c00000|100%|HC|  |TAMS 0x0000000086b00000, 0x0000000086b00000| Complete 
|  54|0x0000000086c00000, 0x0000000086d00000, 0x0000000086d00000|100%|HC|  |TAMS 0x0000000086c00000, 0x0000000086c00000| Complete 
|  55|0x0000000086d00000, 0x0000000086d00000, 0x0000000086e00000|  0%| F|  |TAMS 0x0000000086d00000, 0x0000000086d00000| Untracked 
|  56|0x0000000086e00000, 0x0000000086e00000, 0x0000000086f00000|  0%| F|  |TAMS 0x0000000086e00000, 0x0000000086e00000| Untracked 
|  57|0x0000000086f00000, 0x0000000086f00000, 0x0000000087000000|  0%| F|  |TAMS 0x0000000086f00000, 0x0000000086f00000| Untracked 
|  58|0x0000000087000000, 0x0000000087000000, 0x0000000087100000|  0%| F|  |TAMS 0x0000000087000000, 0x0000000087000000| Untracked 
|  59|0x0000000087100000, 0x0000000087100000, 0x0000000087200000|  0%| F|  |TAMS 0x0000000087100000, 0x0000000087100000| Untracked 
|  60|0x0000000087200000, 0x0000000087200000, 0x0000000087300000|  0%| F|  |TAMS 0x0000000087200000, 0x0000000087200000| Untracked 
|  61|0x0000000087300000, 0x0000000087300000, 0x0000000087400000|  0%| F|  |TAMS 0x0000000087300000, 0x0000000087300000| Untracked 
|  62|0x0000000087400000, 0x0000000087400000, 0x0000000087500000|  0%| F|  |TAMS 0x0000000087400000, 0x0000000087400000| Untracked 
|  63|0x0000000087500000, 0x0000000087500000, 0x0000000087600000|  0%| F|  |TAMS 0x0000000087500000, 0x0000000087500000| Untracked 
|  64|0x0000000087600000, 0x0000000087600000, 0x0000000087700000|  0%| F|  |TAMS 0x0000000087600000, 0x0000000087600000| Untracked 
|  65|0x0000000087700000, 0x0000000087700000, 0x0000000087800000|  0%| F|  |TAMS 0x0000000087700000, 0x0000000087700000| Untracked 
|  66|0x0000000087800000, 0x0000000087800000, 0x0000000087900000|  0%| F|  |TAMS 0x0000000087800000, 0x0000000087800000| Untracked 
|  67|0x0000000087900000, 0x0000000087900000, 0x0000000087a00000|  0%| F|  |TAMS 0x0000000087900000, 0x0000000087900000| Untracked 
|  68|0x0000000087a00000, 0x0000000087a00000, 0x0000000087b00000|  0%| F|  |TAMS 0x0000000087a00000, 0x0000000087a00000| Untracked 
|  69|0x0000000087b00000, 0x0000000087b00000, 0x0000000087c00000|  0%| F|  |TAMS 0x0000000087b00000, 0x0000000087b00000| Untracked 
|  70|0x0000000087c00000, 0x0000000087c00000, 0x0000000087d00000|  0%| F|  |TAMS 0x0000000087c00000, 0x0000000087c00000| Untracked 
|  71|0x0000000087d00000, 0x0000000087d00000, 0x0000000087e00000|  0%| F|  |TAMS 0x0000000087d00000, 0x0000000087d00000| Untracked 
|  72|0x0000000087e00000, 0x0000000087e00000, 0x0000000087f00000|  0%| F|  |TAMS 0x0000000087e00000, 0x0000000087e00000| Untracked 
|  73|0x0000000087f00000, 0x0000000087f00000, 0x0000000088000000|  0%| F|  |TAMS 0x0000000087f00000, 0x0000000087f00000| Untracked 
|  74|0x0000000088000000, 0x0000000088000000, 0x0000000088100000|  0%| F|  |TAMS 0x0000000088000000, 0x0000000088000000| Untracked 
|  75|0x0000000088100000, 0x0000000088100000, 0x0000000088200000|  0%| F|  |TAMS 0x0000000088100000, 0x0000000088100000| Untracked 
|  76|0x0000000088200000, 0x0000000088200000, 0x0000000088300000|  0%| F|  |TAMS 0x0000000088200000, 0x0000000088200000| Untracked 
|  77|0x0000000088300000, 0x0000000088300000, 0x0000000088400000|  0%| F|  |TAMS 0x0000000088300000, 0x0000000088300000| Untracked 
|  78|0x0000000088400000, 0x0000000088400000, 0x0000000088500000|  0%| F|  |TAMS 0x0000000088400000, 0x0000000088400000| Untracked 
|  79|0x0000000088500000, 0x0000000088500000, 0x0000000088600000|  0%| F|  |TAMS 0x0000000088500000, 0x0000000088500000| Untracked 
|  80|0x0000000088600000, 0x0000000088600000, 0x0000000088700000|  0%| F|  |TAMS 0x0000000088600000, 0x0000000088600000| Untracked 
|  81|0x0000000088700000, 0x0000000088700000, 0x0000000088800000|  0%| F|  |TAMS 0x0000000088700000, 0x0000000088700000| Untracked 
|  82|0x0000000088800000, 0x0000000088800000, 0x0000000088900000|  0%| F|  |TAMS 0x0000000088800000, 0x0000000088800000| Untracked 
|  83|0x0000000088900000, 0x0000000088900000, 0x0000000088a00000|  0%| F|  |TAMS 0x0000000088900000, 0x0000000088900000| Untracked 
|  84|0x0000000088a00000, 0x0000000088a00000, 0x0000000088b00000|  0%| F|  |TAMS 0x0000000088a00000, 0x0000000088a00000| Untracked 
|  85|0x0000000088b00000, 0x0000000088b00000, 0x0000000088c00000|  0%| F|  |TAMS 0x0000000088b00000, 0x0000000088b00000| Untracked 
|  86|0x0000000088c00000, 0x0000000088c00000, 0x0000000088d00000|  0%| F|  |TAMS 0x0000000088c00000, 0x0000000088c00000| Untracked 
|  87|0x0000000088d00000, 0x0000000088d00000, 0x0000000088e00000|  0%| F|  |TAMS 0x0000000088d00000, 0x0000000088d00000| Untracked 
|  88|0x0000000088e00000, 0x0000000088e00000, 0x0000000088f00000|  0%| F|  |TAMS 0x0000000088e00000, 0x0000000088e00000| Untracked 
|  89|0x0000000088f00000, 0x0000000088f00000, 0x0000000089000000|  0%| F|  |TAMS 0x0000000088f00000, 0x0000000088f00000| Untracked 
|  90|0x0000000089000000, 0x0000000089000000, 0x0000000089100000|  0%| F|  |TAMS 0x0000000089000000, 0x0000000089000000| Untracked 
|  91|0x0000000089100000, 0x0000000089100000, 0x0000000089200000|  0%| F|  |TAMS 0x0000000089100000, 0x0000000089100000| Untracked 
|  92|0x0000000089200000, 0x0000000089200000, 0x0000000089300000|  0%| F|  |TAMS 0x0000000089200000, 0x0000000089200000| Untracked 
|  93|0x0000000089300000, 0x0000000089300000, 0x0000000089400000|  0%| F|  |TAMS 0x0000000089300000, 0x0000000089300000| Untracked 
|  94|0x0000000089400000, 0x0000000089400000, 0x0000000089500000|  0%| F|  |TAMS 0x0000000089400000, 0x0000000089400000| Untracked 
|  95|0x0000000089500000, 0x0000000089500000, 0x0000000089600000|  0%| F|  |TAMS 0x0000000089500000, 0x0000000089500000| Untracked 
|  96|0x0000000089600000, 0x0000000089600000, 0x0000000089700000|  0%| F|  |TAMS 0x0000000089600000, 0x0000000089600000| Untracked 
|  97|0x0000000089700000, 0x0000000089700000, 0x0000000089800000|  0%| F|  |TAMS 0x0000000089700000, 0x0000000089700000| Untracked 
|  98|0x0000000089800000, 0x0000000089800000, 0x0000000089900000|  0%| F|  |TAMS 0x0000000089800000, 0x0000000089800000| Untracked 
|  99|0x0000000089900000, 0x0000000089900000, 0x0000000089a00000|  0%| F|  |TAMS 0x0000000089900000, 0x0000000089900000| Untracked 
| 100|0x0000000089a00000, 0x0000000089a00000, 0x0000000089b00000|  0%| F|  |TAMS 0x0000000089a00000, 0x0000000089a00000| Untracked 
| 101|0x0000000089b00000, 0x0000000089b00000, 0x0000000089c00000|  0%| F|  |TAMS 0x0000000089b00000, 0x0000000089b00000| Untracked 
| 102|0x0000000089c00000, 0x0000000089c00000, 0x0000000089d00000|  0%| F|  |TAMS 0x0000000089c00000, 0x0000000089c00000| Untracked 
| 103|0x0000000089d00000, 0x0000000089d00800, 0x0000000089e00000|  0%| E|  |TAMS 0x0000000089d00000, 0x0000000089d00000| Complete 
| 104|0x0000000089e00000, 0x0000000089f00000, 0x0000000089f00000|100%| E|CS|TAMS 0x0000000089e00000, 0x0000000089e00000| Complete 
| 105|0x0000000089f00000, 0x000000008a000000, 0x000000008a000000|100%| E|CS|TAMS 0x0000000089f00000, 0x0000000089f00000| Complete 
| 106|0x000000008a000000, 0x000000008a100000, 0x000000008a100000|100%| E|CS|TAMS 0x000000008a000000, 0x000000008a000000| Complete 
| 107|0x000000008a100000, 0x000000008a200000, 0x000000008a200000|100%| E|CS|TAMS 0x000000008a100000, 0x000000008a100000| Complete 
| 108|0x000000008a200000, 0x000000008a300000, 0x000000008a300000|100%| E|CS|TAMS 0x000000008a200000, 0x000000008a200000| Complete 
| 109|0x000000008a300000, 0x000000008a400000, 0x000000008a400000|100%| E|CS|TAMS 0x000000008a300000, 0x000000008a300000| Complete 
| 110|0x000000008a400000, 0x000000008a500000, 0x000000008a500000|100%| E|CS|TAMS 0x000000008a400000, 0x000000008a400000| Complete 
| 111|0x000000008a500000, 0x000000008a600000, 0x000000008a600000|100%| E|CS|TAMS 0x000000008a500000, 0x000000008a500000| Complete 
| 112|0x000000008a600000, 0x000000008a700000, 0x000000008a700000|100%| E|CS|TAMS 0x000000008a600000, 0x000000008a600000| Complete 
| 113|0x000000008a700000, 0x000000008a800000, 0x000000008a800000|100%| E|CS|TAMS 0x000000008a700000, 0x000000008a700000| Complete 
| 114|0x000000008a800000, 0x000000008a900000, 0x000000008a900000|100%| E|CS|TAMS 0x000000008a800000, 0x000000008a800000| Complete 
| 115|0x000000008a900000, 0x000000008aa00000, 0x000000008aa00000|100%| E|CS|TAMS 0x000000008a900000, 0x000000008a900000| Complete 
| 116|0x000000008aa00000, 0x000000008ab00000, 0x000000008ab00000|100%| E|CS|TAMS 0x000000008aa00000, 0x000000008aa00000| Complete 
| 117|0x000000008ab00000, 0x000000008ac00000, 0x000000008ac00000|100%| E|CS|TAMS 0x000000008ab00000, 0x000000008ab00000| Complete 
| 118|0x000000008ac00000, 0x000000008ad00000, 0x000000008ad00000|100%| E|CS|TAMS 0x000000008ac00000, 0x000000008ac00000| Complete 
| 119|0x000000008ad00000, 0x000000008ae00000, 0x000000008ae00000|100%| E|CS|TAMS 0x000000008ad00000, 0x000000008ad00000| Complete 
| 120|0x000000008ae00000, 0x000000008af00000, 0x000000008af00000|100%| E|CS|TAMS 0x000000008ae00000, 0x000000008ae00000| Complete 
| 121|0x000000008af00000, 0x000000008b000000, 0x000000008b000000|100%| E|CS|TAMS 0x000000008af00000, 0x000000008af00000| Complete 
| 122|0x000000008b000000, 0x000000008b100000, 0x000000008b100000|100%| E|CS|TAMS 0x000000008b000000, 0x000000008b000000| Complete 
| 123|0x000000008b100000, 0x000000008b200000, 0x000000008b200000|100%| E|CS|TAMS 0x000000008b100000, 0x000000008b100000| Complete 
| 124|0x000000008b200000, 0x000000008b300000, 0x000000008b300000|100%| E|CS|TAMS 0x000000008b200000, 0x000000008b200000| Complete 
| 125|0x000000008b300000, 0x000000008b400000, 0x000000008b400000|100%| E|CS|TAMS 0x000000008b300000, 0x000000008b300000| Complete 
| 126|0x000000008b400000, 0x000000008b500000, 0x000000008b500000|100%| E|CS|TAMS 0x000000008b400000, 0x000000008b400000| Complete 
| 127|0x000000008b500000, 0x000000008b600000, 0x000000008b600000|100%| E|CS|TAMS 0x000000008b500000, 0x000000008b500000| Complete 
| 128|0x000000008b600000, 0x000000008b700000, 0x000000008b700000|100%| E|CS|TAMS 0x000000008b600000, 0x000000008b600000| Complete 
| 129|0x000000008b700000, 0x000000008b800000, 0x000000008b800000|100%| E|CS|TAMS 0x000000008b700000, 0x000000008b700000| Complete 
| 130|0x000000008b800000, 0x000000008b900000, 0x000000008b900000|100%| E|CS|TAMS 0x000000008b800000, 0x000000008b800000| Complete 
| 131|0x000000008b900000, 0x000000008ba00000, 0x000000008ba00000|100%| E|CS|TAMS 0x000000008b900000, 0x000000008b900000| Complete 
| 132|0x000000008ba00000, 0x000000008bb00000, 0x000000008bb00000|100%| E|CS|TAMS 0x000000008ba00000, 0x000000008ba00000| Complete 
| 133|0x000000008bb00000, 0x000000008bc00000, 0x000000008bc00000|100%| E|CS|TAMS 0x000000008bb00000, 0x000000008bb00000| Complete 
| 134|0x000000008bc00000, 0x000000008bd00000, 0x000000008bd00000|100%| E|CS|TAMS 0x000000008bc00000, 0x000000008bc00000| Complete 
| 135|0x000000008bd00000, 0x000000008be00000, 0x000000008be00000|100%| E|CS|TAMS 0x000000008bd00000, 0x000000008bd00000| Complete 
| 136|0x000000008be00000, 0x000000008bf00000, 0x000000008bf00000|100%| E|CS|TAMS 0x000000008be00000, 0x000000008be00000| Complete 
| 137|0x000000008bf00000, 0x000000008c000000, 0x000000008c000000|100%| E|CS|TAMS 0x000000008bf00000, 0x000000008bf00000| Complete 
| 138|0x000000008c000000, 0x000000008c100000, 0x000000008c100000|100%| E|CS|TAMS 0x000000008c000000, 0x000000008c000000| Complete 
| 139|0x000000008c100000, 0x000000008c200000, 0x000000008c200000|100%| E|CS|TAMS 0x000000008c100000, 0x000000008c100000| Complete 
| 140|0x000000008c200000, 0x000000008c300000, 0x000000008c300000|100%| E|CS|TAMS 0x000000008c200000, 0x000000008c200000| Complete 

Card table byte_map: [0x00000252c7de0000,0x00000252c81d0000] _byte_map_base: 0x00000252c79c5000

Marking Bits (Prev, Next): (CMBitMap*) 0x00000252b4e3da40, (CMBitMap*) 0x00000252b4e3da00
 Prev Bits: [0x00000252ca4f0000, 0x00000252cc418000)
 Next Bits: [0x00000252c85c0000, 0x00000252ca4e8000)

Polling page: 0x00000252b2dc0000

Metaspace:

Usage:
  Non-class:     19.44 MB used.
      Class:      2.20 MB used.
       Both:     21.64 MB used.

Virtual space:
  Non-class space:       24.00 MB reserved,      19.56 MB ( 82%) committed,  3 nodes.
      Class space:        1.00 GB reserved,       2.31 MB ( <1%) committed,  1 nodes.
             Both:        1.02 GB reserved,      21.88 MB (  2%) committed. 

Chunk freelists:
   Non-Class:  344.00 KB
       Class:  1.72 MB
        Both:  2.06 MB

MaxMetaspaceSize: unlimited
CompressedClassSpaceSize: 1.00 GB
Initial GC threshold: 21.00 MB
Current GC threshold: 35.25 MB
CDS: off
MetaspaceReclaimPolicy: balanced
 - commit_granule_bytes: 65536.
 - commit_granule_words: 8192.
 - virtual_space_node_default_size: 1048576.
 - enlarge_chunks_in_place: 1.
 - new_chunks_are_fully_committed: 0.
 - uncommit_free_chunks: 1.
 - use_allocation_guard: 0.
 - handle_deallocations: 1.


Internal statistics:

num_allocs_failed_limit: 3.
num_arena_births: 124.
num_arena_deaths: 0.
num_vsnodes_births: 4.
num_vsnodes_deaths: 0.
num_space_committed: 350.
num_space_uncommitted: 0.
num_chunks_returned_to_freelist: 3.
num_chunks_taken_from_freelist: 232.
num_chunk_merges: 0.
num_chunk_splits: 113.
num_chunks_enlarged: 45.
num_purges: 0.
num_inconsistent_stats: 0.

CodeHeap 'non-profiled nmethods': size=120000Kb used=1672Kb max_used=1672Kb free=118327Kb
 bounds [0x00000252bff60000, 0x00000252c01d0000, 0x00000252c7490000]
CodeHeap 'profiled nmethods': size=120000Kb used=5894Kb max_used=5894Kb free=114105Kb
 bounds [0x00000252b8490000, 0x00000252b8a60000, 0x00000252bf9c0000]
CodeHeap 'non-nmethods': size=5760Kb used=1398Kb max_used=1430Kb free=4361Kb
 bounds [0x00000252bf9c0000, 0x00000252bfc30000, 0x00000252bff60000]
 total_blobs=3825 nmethods=3077 adapters=658
 compilation: enabled
              stopped_count=0, restarted_count=0
 full_count=0

Compilation events (20 events):
Event: 105.719 Thread 0x00000252cfc56ca0 nmethod 3068 0x00000252b8a4c210 code [0x00000252b8a4c420, 0x00000252b8a4cad8]
Event: 105.719 Thread 0x00000252cfc56ca0 3069       3       sun.text.RuleBasedBreakIterator::checkOffset (31 bytes)
Event: 105.720 Thread 0x00000252cfc56ca0 nmethod 3069 0x00000252b8a4cd10 code [0x00000252b8a4cee0, 0x00000252b8a4d288]
Event: 105.721 Thread 0x00000252cfc541f0 nmethod 3066 0x00000252c00f1290 code [0x00000252c00f1440, 0x00000252c00f1698]
Event: 105.726 Thread 0x00000252cfc541f0 3070       4       javax.swing.text.GlyphView::getBreakSpot (247 bytes)
Event: 105.726 Thread 0x00000252cfc56ca0 3072       3       javax.swing.JEditorPane::getScrollableTracksViewportWidth (66 bytes)
Event: 105.726 Thread 0x00000252cfc56ca0 nmethod 3072 0x00000252b8a4d390 code [0x00000252b8a4d5c0, 0x00000252b8a4e1b8]
Event: 105.726 Thread 0x00000252cfc56ca0 3073       3       javax.swing.JEditorPane::getScrollableTracksViewportHeight (66 bytes)
Event: 105.727 Thread 0x00000252cfc56ca0 nmethod 3073 0x00000252b8a4e510 code [0x00000252b8a4e740, 0x00000252b8a4f338]
Event: 105.730 Thread 0x00000252cfc56ca0 3074       3       javax.swing.text.BoxView::modelToView (39 bytes)
Event: 105.730 Thread 0x00000252cfc56ca0 nmethod 3074 0x00000252b8a4f690 code [0x00000252b8a4f860, 0x00000252b8a4fce8]
Event: 105.730 Thread 0x00000252cfc56ca0 3075       3       javax.swing.text.CompositeView::modelToView (195 bytes)
Event: 105.731 Thread 0x00000252cfc56ca0 nmethod 3075 0x00000252b8a4fe90 code [0x00000252b8a50140, 0x00000252b8a511d8]
Event: 105.731 Thread 0x00000252cfc56ca0 3076       1       javax.swing.JViewport::isOptimizedDrawingEnabled (2 bytes)
Event: 105.731 Thread 0x00000252cfc56ca0 nmethod 3076 0x00000252c00f1890 code [0x00000252c00f1a20, 0x00000252c00f1af8]
Event: 105.796 Thread 0x00000252cfc541f0 nmethod 3070 0x00000252c00f1b90 code [0x00000252c00f1f60, 0x00000252c00f5810]
Event: 105.796 Thread 0x00000252cfc541f0 3071       4       javax.swing.text.BoxView::setSpanOnAxis (131 bytes)
Event: 106.015 Thread 0x00000252cfc541f0 nmethod 3071 0x00000252c00f7a90 code [0x00000252c00f8140, 0x00000252c00fe448]
Event: 106.026 Thread 0x00000252cfc56ca0 3077       3       java.util.Collections$UnmodifiableCollection$1::next (10 bytes)
Event: 106.026 Thread 0x00000252cfc56ca0 nmethod 3077 0x00000252b8a51610 code [0x00000252b8a517c0, 0x00000252b8a51988]

GC Heap History (20 events):
Event: 100.038 GC heap before
{Heap before GC invocations=1 (full 0):
 garbage-first heap   total 129024K, used 29228K [0x0000000083600000, 0x0000000100000000)
  region size 1024K, 17 young (17408K), 3 survivors (3072K)
 Metaspace       used 21304K, committed 21504K, reserved 1073152K
  class space    used 2160K, committed 2240K, reserved 1048576K
}
Event: 100.042 GC heap after
{Heap after GC invocations=2 (full 0):
 garbage-first heap   total 129024K, used 12554K [0x0000000083600000, 0x0000000100000000)
  region size 1024K, 1 young (1024K), 1 survivors (1024K)
 Metaspace       used 21304K, committed 21504K, reserved 1073152K
  class space    used 2160K, committed 2240K, reserved 1048576K
}
Event: 101.109 GC heap before
{Heap before GC invocations=3 (full 0):
 garbage-first heap   total 48128K, used 42250K [0x0000000083600000, 0x0000000100000000)
  region size 1024K, 19 young (19456K), 1 survivors (1024K)
 Metaspace       used 22103K, committed 22336K, reserved 1073152K
  class space    used 2250K, committed 2368K, reserved 1048576K
}
Event: 101.111 GC heap after
{Heap after GC invocations=4 (full 0):
 garbage-first heap   total 48128K, used 18767K [0x0000000083600000, 0x0000000100000000)
  region size 1024K, 1 young (1024K), 1 survivors (1024K)
 Metaspace       used 22103K, committed 22336K, reserved 1073152K
  class space    used 2250K, committed 2368K, reserved 1048576K
}
Event: 101.114 GC heap before
{Heap before GC invocations=4 (full 0):
 garbage-first heap   total 48128K, used 19791K [0x0000000083600000, 0x0000000100000000)
  region size 1024K, 2 young (2048K), 1 survivors (1024K)
 Metaspace       used 22104K, committed 22336K, reserved 1073152K
  class space    used 2250K, committed 2368K, reserved 1048576K
}
Event: 101.115 GC heap after
{Heap after GC invocations=5 (full 0):
 garbage-first heap   total 48128K, used 15631K [0x0000000083600000, 0x0000000100000000)
  region size 1024K, 1 young (1024K), 1 survivors (1024K)
 Metaspace       used 22104K, committed 22336K, reserved 1073152K
  class space    used 2250K, committed 2368K, reserved 1048576K
}
Event: 101.891 GC heap before
{Heap before GC invocations=5 (full 0):
 garbage-first heap   total 48128K, used 27919K [0x0000000083600000, 0x0000000100000000)
  region size 1024K, 8 young (8192K), 1 survivors (1024K)
 Metaspace       used 22108K, committed 22336K, reserved 1073152K
  class space    used 2250K, committed 2368K, reserved 1048576K
}
Event: 101.892 GC heap after
{Heap after GC invocations=6 (full 0):
 garbage-first heap   total 48128K, used 18673K [0x0000000083600000, 0x0000000100000000)
  region size 1024K, 1 young (1024K), 1 survivors (1024K)
 Metaspace       used 22108K, committed 22336K, reserved 1073152K
  class space    used 2250K, committed 2368K, reserved 1048576K
}
Event: 101.893 GC heap before
{Heap before GC invocations=6 (full 0):
 garbage-first heap   total 48128K, used 21745K [0x0000000083600000, 0x0000000100000000)
  region size 1024K, 2 young (2048K), 1 survivors (1024K)
 Metaspace       used 22108K, committed 22336K, reserved 1073152K
  class space    used 2250K, committed 2368K, reserved 1048576K
}
Event: 101.894 GC heap after
{Heap after GC invocations=7 (full 0):
 garbage-first heap   total 48128K, used 18634K [0x0000000083600000, 0x0000000100000000)
  region size 1024K, 1 young (1024K), 1 survivors (1024K)
 Metaspace       used 22108K, committed 22336K, reserved 1073152K
  class space    used 2250K, committed 2368K, reserved 1048576K
}
Event: 102.292 GC heap before
{Heap before GC invocations=7 (full 0):
 garbage-first heap   total 48128K, used 26826K [0x0000000083600000, 0x0000000100000000)
  region size 1024K, 7 young (7168K), 1 survivors (1024K)
 Metaspace       used 22110K, committed 22336K, reserved 1073152K
  class space    used 2250K, committed 2368K, reserved 1048576K
}
Event: 102.293 GC heap after
{Heap after GC invocations=8 (full 0):
 garbage-first heap   total 48128K, used 18639K [0x0000000083600000, 0x0000000100000000)
  region size 1024K, 1 young (1024K), 1 survivors (1024K)
 Metaspace       used 22110K, committed 22336K, reserved 1073152K
  class space    used 2250K, committed 2368K, reserved 1048576K
}
Event: 102.294 GC heap before
{Heap before GC invocations=8 (full 0):
 garbage-first heap   total 48128K, used 21711K [0x0000000083600000, 0x0000000100000000)
  region size 1024K, 2 young (2048K), 1 survivors (1024K)
 Metaspace       used 22110K, committed 22336K, reserved 1073152K
  class space    used 2250K, committed 2368K, reserved 1048576K
}
Event: 102.295 GC heap after
{Heap after GC invocations=9 (full 0):
 garbage-first heap   total 48128K, used 18633K [0x0000000083600000, 0x0000000100000000)
  region size 1024K, 1 young (1024K), 1 survivors (1024K)
 Metaspace       used 22110K, committed 22336K, reserved 1073152K
  class space    used 2250K, committed 2368K, reserved 1048576K
}
Event: 102.691 GC heap before
{Heap before GC invocations=9 (full 0):
 garbage-first heap   total 48128K, used 26825K [0x0000000083600000, 0x0000000100000000)
  region size 1024K, 7 young (7168K), 1 survivors (1024K)
 Metaspace       used 22110K, committed 22336K, reserved 1073152K
  class space    used 2250K, committed 2368K, reserved 1048576K
}
Event: 102.693 GC heap after
{Heap after GC invocations=10 (full 0):
 garbage-first heap   total 48128K, used 18633K [0x0000000083600000, 0x0000000100000000)
  region size 1024K, 1 young (1024K), 1 survivors (1024K)
 Metaspace       used 22110K, committed 22336K, reserved 1073152K
  class space    used 2250K, committed 2368K, reserved 1048576K
}
Event: 102.693 GC heap before
{Heap before GC invocations=10 (full 0):
 garbage-first heap   total 48128K, used 21705K [0x0000000083600000, 0x0000000100000000)
  region size 1024K, 2 young (2048K), 1 survivors (1024K)
 Metaspace       used 22110K, committed 22336K, reserved 1073152K
  class space    used 2250K, committed 2368K, reserved 1048576K
}
Event: 102.694 GC heap after
{Heap after GC invocations=11 (full 0):
 garbage-first heap   total 48128K, used 18620K [0x0000000083600000, 0x0000000100000000)
  region size 1024K, 1 young (1024K), 1 survivors (1024K)
 Metaspace       used 22110K, committed 22336K, reserved 1073152K
  class space    used 2250K, committed 2368K, reserved 1048576K
}
Event: 103.096 GC heap before
{Heap before GC invocations=11 (full 0):
 garbage-first heap   total 48128K, used 26812K [0x0000000083600000, 0x0000000100000000)
  region size 1024K, 7 young (7168K), 1 survivors (1024K)
 Metaspace       used 22112K, committed 22336K, reserved 1073152K
  class space    used 2250K, committed 2368K, reserved 1048576K
}
Event: 103.099 GC heap after
{Heap after GC invocations=12 (full 0):
 garbage-first heap   total 144384K, used 18635K [0x0000000083600000, 0x0000000100000000)
  region size 1024K, 1 young (1024K), 1 survivors (1024K)
 Metaspace       used 22112K, committed 22336K, reserved 1073152K
  class space    used 2250K, committed 2368K, reserved 1048576K
}

Dll operation events (10 events):
Event: 0.007 Loaded shared library C:\Users\Trung\.p2\pool\plugins\org.eclipse.justj.openjdk.hotspot.jre.full.win32.x86_64_17.0.6.v20230204-1729\jre\bin\java.dll
Event: 0.145 Loaded shared library C:\Users\Trung\.p2\pool\plugins\org.eclipse.justj.openjdk.hotspot.jre.full.win32.x86_64_17.0.6.v20230204-1729\jre\bin\jimage.dll
Event: 0.163 Loaded shared library C:\Users\Trung\.p2\pool\plugins\org.eclipse.justj.openjdk.hotspot.jre.full.win32.x86_64_17.0.6.v20230204-1729\jre\bin\net.dll
Event: 0.165 Loaded shared library C:\Users\Trung\.p2\pool\plugins\org.eclipse.justj.openjdk.hotspot.jre.full.win32.x86_64_17.0.6.v20230204-1729\jre\bin\nio.dll
Event: 0.174 Loaded shared library C:\Users\Trung\.p2\pool\plugins\org.eclipse.justj.openjdk.hotspot.jre.full.win32.x86_64_17.0.6.v20230204-1729\jre\bin\zip.dll
Event: 0.207 Loaded shared library C:\Users\Trung\.p2\pool\plugins\org.eclipse.justj.openjdk.hotspot.jre.full.win32.x86_64_17.0.6.v20230204-1729\jre\bin\awt.dll
Event: 0.326 Loaded shared library C:\Users\Trung\.p2\pool\plugins\org.eclipse.justj.openjdk.hotspot.jre.full.win32.x86_64_17.0.6.v20230204-1729\jre\bin\freetype.dll
Event: 0.327 Loaded shared library C:\Users\Trung\.p2\pool\plugins\org.eclipse.justj.openjdk.hotspot.jre.full.win32.x86_64_17.0.6.v20230204-1729\jre\bin\fontmanager.dll
Event: 43.028 Loaded shared library C:\Users\Trung\.p2\pool\plugins\org.eclipse.justj.openjdk.hotspot.jre.full.win32.x86_64_17.0.6.v20230204-1729\jre\bin\jsound.dll
Event: 98.074 Loaded shared library C:\Users\Trung\Downloads\opencv\build\java\x64\opencv_java310.dll

Deoptimization events (20 events):
Event: 100.159 Thread 0x00000252d33b8cb0 DEOPT PACKING pc=0x00000252b8a12fd8 sp=0x00000062162febc0
Event: 100.159 Thread 0x00000252d33b8cb0 DEOPT UNPACKING pc=0x00000252bfa1ace3 sp=0x00000062162fe0c8 mode 0
Event: 100.159 Thread 0x00000252d33b8cb0 DEOPT PACKING pc=0x00000252b8a12fd8 sp=0x00000062162febc0
Event: 100.159 Thread 0x00000252d33b8cb0 DEOPT UNPACKING pc=0x00000252bfa1ace3 sp=0x00000062162fe0c8 mode 0
Event: 100.159 Thread 0x00000252d33b8cb0 DEOPT PACKING pc=0x00000252b8a12fd8 sp=0x00000062162febc0
Event: 100.159 Thread 0x00000252d33b8cb0 DEOPT UNPACKING pc=0x00000252bfa1ace3 sp=0x00000062162fe0c8 mode 0
Event: 100.159 Thread 0x00000252d33b8cb0 DEOPT PACKING pc=0x00000252b8a12fd8 sp=0x00000062162febc0
Event: 100.159 Thread 0x00000252d33b8cb0 DEOPT UNPACKING pc=0x00000252bfa1ace3 sp=0x00000062162fe0c8 mode 0
Event: 100.160 Thread 0x00000252d33b8cb0 DEOPT PACKING pc=0x00000252b8a12fd8 sp=0x00000062162feb50
Event: 100.160 Thread 0x00000252d33b8cb0 DEOPT UNPACKING pc=0x00000252bfa1ace3 sp=0x00000062162fe058 mode 0
Event: 100.160 Thread 0x00000252d33b8cb0 DEOPT PACKING pc=0x00000252b8a12fd8 sp=0x00000062162febd0
Event: 100.160 Thread 0x00000252d33b8cb0 DEOPT UNPACKING pc=0x00000252bfa1ace3 sp=0x00000062162fe0a8 mode 0
Event: 100.160 Thread 0x00000252d33b8cb0 DEOPT PACKING pc=0x00000252b8a12fd8 sp=0x00000062162febd0
Event: 100.160 Thread 0x00000252d33b8cb0 DEOPT UNPACKING pc=0x00000252bfa1ace3 sp=0x00000062162fe0a8 mode 0
Event: 100.161 Thread 0x00000252d33b8cb0 DEOPT PACKING pc=0x00000252b8a12fd8 sp=0x00000062162febd0
Event: 100.161 Thread 0x00000252d33b8cb0 DEOPT UNPACKING pc=0x00000252bfa1ace3 sp=0x00000062162fe0a8 mode 0
Event: 100.161 Thread 0x00000252d33b8cb0 DEOPT PACKING pc=0x00000252b8a12fd8 sp=0x00000062162febd0
Event: 100.161 Thread 0x00000252d33b8cb0 DEOPT UNPACKING pc=0x00000252bfa1ace3 sp=0x00000062162fe0a8 mode 0
Event: 100.161 Thread 0x00000252d33b8cb0 DEOPT PACKING pc=0x00000252b8a12fd8 sp=0x00000062162febd0
Event: 100.161 Thread 0x00000252d33b8cb0 DEOPT UNPACKING pc=0x00000252bfa1ace3 sp=0x00000062162fe0a8 mode 0

Classes unloaded (0 events):
No events

Classes redefined (0 events):
No events

Internal exceptions (20 events):
Event: 0.358 Thread 0x00000252b4de2760 Exception <a 'java/lang/ClassNotFoundException'{0x000000008af42098}: RootPane> (0x000000008af42098) 
thrown [s\src\hotspot\share\classfile\systemDictionary.cpp, line 256]
Event: 0.359 Thread 0x00000252b4de2760 Exception <a 'java/lang/ClassNotFoundException'{0x000000008af44ee8}: com/sun/swing/internal/plaf/metal/resources/spi/metalProvider> (0x000000008af44ee8) 
thrown [s\src\hotspot\share\classfile\systemDictionary.cpp, line 256]
Event: 0.359 Thread 0x00000252b4de2760 Exception <a 'java/lang/ClassNotFoundException'{0x000000008af48a98}: com/sun/swing/internal/plaf/basic/resources/spi/basicProvider> (0x000000008af48a98) 
thrown [s\src\hotspot\share\classfile\systemDictionary.cpp, line 256]
Event: 0.376 Thread 0x00000252d012caa0 Exception <a 'java/lang/ClassNotFoundException'{0x000000008ae09890}: com/sun/swing/internal/plaf/synth/resources/spi/synthProvider> (0x000000008ae09890) 
thrown [s\src\hotspot\share\classfile\systemDictionary.cpp, line 256]
Event: 0.431 Thread 0x00000252d00cd020 Exception <a 'java/lang/NoSuchMethodError'{0x000000008b185ae8}: 'void java.lang.invoke.DirectMethodHandle$Holder.invokeVirtual(java.lang.Object, java.lang.Object)'> (0x000000008b185ae8) 
thrown [s\src\hotspot\share\interpreter\linkResolver.cpp, line 759]
Event: 0.441 Thread 0x00000252d012caa0 Exception <a 'java/lang/NoSuchMethodError'{0x000000008aec7e70}: 'void java.lang.invoke.DirectMethodHandle$Holder.invokeStaticInit(java.lang.Object)'> (0x000000008aec7e70) 
thrown [s\src\hotspot\share\interpreter\linkResolver.cpp, line 759]
Event: 5.757 Thread 0x00000252d012caa0 Exception <a 'java/lang/NoSuchMethodError'{0x000000008a807810}: 'void java.lang.invoke.DirectMethodHandle$Holder.invokeStatic(java.lang.Object, java.lang.Object)'> (0x000000008a807810) 
thrown [s\src\hotspot\share\interpreter\linkResolver.cpp, line 759]
Event: 5.763 Thread 0x00000252d012caa0 Implicit null exception at 0x00000252bffc32d2 to 0x00000252bffc37b1
Event: 5.763 Thread 0x00000252d012caa0 Implicit null exception at 0x00000252bffc172c to 0x00000252bffc1d7b
Event: 5.763 Thread 0x00000252d012caa0 Implicit null exception at 0x00000252bffc32d2 to 0x00000252bffc37b1
Event: 5.763 Thread 0x00000252d012caa0 Implicit null exception at 0x00000252bffc172c to 0x00000252bffc1d7b
Event: 5.763 Thread 0x00000252d012caa0 Implicit null exception at 0x00000252bffc32d2 to 0x00000252bffc37b1
Event: 5.814 Thread 0x00000252d04c3030 Exception <a 'java/lang/NoSuchMethodError'{0x000000008a89c1e0}: 'int java.lang.invoke.DirectMethodHandle$Holder.invokeStatic(java.lang.Object)'> (0x000000008a89c1e0) 
thrown [s\src\hotspot\share\interpreter\linkResolver.cpp, line 759]
Event: 98.303 Thread 0x00000252d04c21c0 Exception <a 'java/lang/Exception'{0x000000008a6dbc08}: unknown exception> (0x000000008a6dbc08) 
thrown [s\src\hotspot\share\prims\jni.cpp, line 535]
Event: 100.061 Thread 0x00000252d33b8cb0 Exception <a 'java/lang/NoSuchMethodError'{0x000000008620a650}: 'java.lang.Object java.lang.invoke.DirectMethodHandle$Holder.invokeStaticInit(java.lang.Object, int, int, int, int)'> (0x000000008620a650) 
thrown [s\src\hotspot\share\interpreter\linkResolver.cpp, line 759]
Event: 100.115 Thread 0x00000252d33b8cb0 Exception <a 'java/lang/NoSuchMethodError'{0x00000000862dcc90}: 'java.lang.Object java.lang.invoke.DirectMethodHandle$Holder.invokeStaticInit(java.lang.Object, java.lang.Object, int, int, int, int)'> (0x00000000862dcc90) 
thrown [s\src\hotspot\share\interpreter\linkResolver.cpp, line 759]
Event: 105.713 Thread 0x00000252d04c3030 Exception <a 'sun/net/ConnectionResetException'{0x0000000089e00148}: Connection reset> (0x0000000089e00148) 
thrown [s\src\hotspot\share\prims\jni.cpp, line 535]
Event: 105.713 Thread 0x00000252d33b8cb0 Exception <a 'java/io/IOException'{0x0000000089fba3f0}: Connection reset by peer> (0x0000000089fba3f0) 
thrown [s\src\hotspot\share\prims\jni.cpp, line 535]
Event: 105.713 Thread 0x00000252d04c39d0 Exception <a 'sun/net/ConnectionResetException'{0x000000008b6812f0}: Connection reset> (0x000000008b6812f0) 
thrown [s\src\hotspot\share\prims\jni.cpp, line 535]
Event: 105.714 Thread 0x00000252d33b8cb0 Exception <a 'java/io/IOException'{0x0000000089fba9e0}: Connection reset by peer> (0x0000000089fba9e0) 
thrown [s\src\hotspot\share\prims\jni.cpp, line 535]

VM Operations (20 events):
Event: 101.892 Executing VM operation: G1TryInitiateConcMark done
Event: 101.893 Executing VM operation: G1TryInitiateConcMark
Event: 101.894 Executing VM operation: G1TryInitiateConcMark done
Event: 102.292 Executing VM operation: G1TryInitiateConcMark
Event: 102.293 Executing VM operation: G1TryInitiateConcMark done
Event: 102.294 Executing VM operation: G1TryInitiateConcMark
Event: 102.295 Executing VM operation: G1TryInitiateConcMark done
Event: 102.691 Executing VM operation: G1TryInitiateConcMark
Event: 102.693 Executing VM operation: G1TryInitiateConcMark done
Event: 102.693 Executing VM operation: G1TryInitiateConcMark
Event: 102.694 Executing VM operation: G1TryInitiateConcMark done
Event: 103.095 Executing VM operation: G1TryInitiateConcMark
Event: 103.099 Executing VM operation: G1TryInitiateConcMark done
Event: 104.100 Executing VM operation: Cleanup
Event: 104.100 Executing VM operation: Cleanup done
Event: 105.100 Executing VM operation: Cleanup
Event: 105.100 Executing VM operation: Cleanup done
Event: 106.101 Executing VM operation: Cleanup
Event: 106.101 Executing VM operation: Cleanup done
Event: 106.126 Executing VM operation: Exit

Events (20 events):
Event: 105.713 Thread 0x00000252d04c3030 Thread exited: 0x00000252d04c3030
Event: 105.714 Thread 0x00000252d33b8cb0 Thread exited: 0x00000252d33b8cb0
Event: 105.724 Thread 0x00000252d04c39d0 Thread exited: 0x00000252d04c39d0
Event: 106.024 Thread 0x00000252d4563bf0 Thread added: 0x00000252d4563bf0
Event: 106.024 Thread 0x00000252d4564a60 Thread added: 0x00000252d4564a60
Event: 106.024 Thread 0x00000252d4561a40 Thread added: 0x00000252d4561a40
Event: 106.025 loading class java/util/WeakHashMap$KeyIterator
Event: 106.025 Thread 0x00000252d4561a40 Thread exited: 0x00000252d4561a40
Event: 106.025 loading class java/util/WeakHashMap$HashIterator
Event: 106.025 loading class java/util/WeakHashMap$HashIterator done
Event: 106.025 loading class java/util/WeakHashMap$KeyIterator done
Event: 106.025 loading class java/lang/Throwable$WrappedPrintStream
Event: 106.025 loading class java/lang/Throwable$PrintStreamOrWriter
Event: 106.025 loading class java/lang/Throwable$PrintStreamOrWriter done
Event: 106.025 loading class java/lang/Throwable$WrappedPrintStream done
Event: 106.026 loading class java/lang/StackTraceElement$HashedModules
Event: 106.026 loading class java/lang/StackTraceElement$HashedModules done
Event: 106.026 Thread 0x00000252d4563bf0 Thread exited: 0x00000252d4563bf0
Event: 106.086 Thread 0x00000252d00cd020 Thread exited: 0x00000252d00cd020
Event: 106.125 Thread 0x00000252d4564a60 Thread exited: 0x00000252d4564a60


Dynamic libraries:
0x00007ff669360000 - 0x00007ff66936e000 	C:\Users\Trung\.p2\pool\plugins\org.eclipse.justj.openjdk.hotspot.jre.full.win32.x86_64_17.0.6.v20230204-1729\jre\bin\javaw.exe
0x00007fff79490000 - 0x00007fff796a7000 	C:\Windows\SYSTEM32\ntdll.dll
0x00007fff77dd0000 - 0x00007fff77e94000 	C:\Windows\System32\KERNEL32.DLL
0x00007fff76b90000 - 0x00007fff76f49000 	C:\Windows\System32\KERNELBASE.dll
0x00007fff76960000 - 0x00007fff76a71000 	C:\Windows\System32\ucrtbase.dll
0x00007fff55720000 - 0x00007fff55737000 	C:\Users\Trung\.p2\pool\plugins\org.eclipse.justj.openjdk.hotspot.jre.full.win32.x86_64_17.0.6.v20230204-1729\jre\bin\jli.dll
0x00007fff55250000 - 0x00007fff55269000 	C:\Users\Trung\.p2\pool\plugins\org.eclipse.justj.openjdk.hotspot.jre.full.win32.x86_64_17.0.6.v20230204-1729\jre\bin\VCRUNTIME140.dll
0x00007fff774d0000 - 0x00007fff7767e000 	C:\Windows\System32\USER32.dll
0x00007fff5e380000 - 0x00007fff5e612000 	C:\Windows\WinSxS\amd64_microsoft.windows.common-controls_6595b64144ccf1df_6.0.22621.4391_none_2715d37f73803e96\COMCTL32.dll
0x00007fff76930000 - 0x00007fff76956000 	C:\Windows\System32\win32u.dll
0x00007fff77cf0000 - 0x00007fff77d97000 	C:\Windows\System32\msvcrt.dll
0x00007fff77da0000 - 0x00007fff77dc9000 	C:\Windows\System32\GDI32.dll
0x00007fff76f50000 - 0x00007fff7706b000 	C:\Windows\System32\gdi32full.dll
0x00007fff76a80000 - 0x00007fff76b1a000 	C:\Windows\System32\msvcp_win.dll
0x00007fff771b0000 - 0x00007fff771e1000 	C:\Windows\System32\IMM32.DLL
0x00007fff57f80000 - 0x00007fff57f8c000 	C:\Users\Trung\.p2\pool\plugins\org.eclipse.justj.openjdk.hotspot.jre.full.win32.x86_64_17.0.6.v20230204-1729\jre\bin\vcruntime140_1.dll
0x00007fff3ea60000 - 0x00007fff3eaf1000 	C:\Users\Trung\.p2\pool\plugins\org.eclipse.justj.openjdk.hotspot.jre.full.win32.x86_64_17.0.6.v20230204-1729\jre\bin\msvcp140.dll
0x00007ffe83160000 - 0x00007ffe83da7000 	C:\Users\Trung\.p2\pool\plugins\org.eclipse.justj.openjdk.hotspot.jre.full.win32.x86_64_17.0.6.v20230204-1729\jre\bin\server\jvm.dll
0x00007fff79210000 - 0x00007fff792c2000 	C:\Windows\System32\ADVAPI32.dll
0x00007fff77a10000 - 0x00007fff77ab7000 	C:\Windows\System32\sechost.dll
0x00007fff76900000 - 0x00007fff76928000 	C:\Windows\System32\bcrypt.dll
0x00007fff77fa0000 - 0x00007fff780b4000 	C:\Windows\System32\RPCRT4.dll
0x00007fff56000000 - 0x00007fff56009000 	C:\Windows\SYSTEM32\WSOCK32.dll
0x00007fff66e30000 - 0x00007fff66e3a000 	C:\Windows\SYSTEM32\VERSION.dll
0x00007fff6beb0000 - 0x00007fff6bee4000 	C:\Windows\SYSTEM32\WINMM.dll
0x00007fff78540000 - 0x00007fff785b1000 	C:\Windows\System32\WS2_32.dll
0x00007fff757e0000 - 0x00007fff757f8000 	C:\Windows\SYSTEM32\kernel.appcore.dll
0x00007fff6c4c0000 - 0x00007fff6c4ca000 	C:\Users\Trung\.p2\pool\plugins\org.eclipse.justj.openjdk.hotspot.jre.full.win32.x86_64_17.0.6.v20230204-1729\jre\bin\jimage.dll
0x00007fff74070000 - 0x00007fff742a2000 	C:\Windows\SYSTEM32\DBGHELP.DLL
0x00007fff77680000 - 0x00007fff77a0f000 	C:\Windows\System32\combase.dll
0x00007fff79130000 - 0x00007fff79207000 	C:\Windows\System32\OLEAUT32.dll
0x00007fff648b0000 - 0x00007fff648e2000 	C:\Windows\SYSTEM32\dbgcore.DLL
0x00007fff77070000 - 0x00007fff770eb000 	C:\Windows\System32\bcryptPrimitives.dll
0x00007fff5c2b0000 - 0x00007fff5c2d5000 	C:\Users\Trung\.p2\pool\plugins\org.eclipse.justj.openjdk.hotspot.jre.full.win32.x86_64_17.0.6.v20230204-1729\jre\bin\java.dll
0x00007fff58320000 - 0x00007fff58338000 	C:\Users\Trung\.p2\pool\plugins\org.eclipse.justj.openjdk.hotspot.jre.full.win32.x86_64_17.0.6.v20230204-1729\jre\bin\zip.dll
0x00007fff785c0000 - 0x00007fff78e36000 	C:\Windows\System32\SHELL32.dll
0x00007fff74690000 - 0x00007fff74f93000 	C:\Windows\SYSTEM32\windows.storage.dll
0x00007fff74550000 - 0x00007fff7468f000 	C:\Windows\SYSTEM32\wintypes.dll
0x00007fff77b80000 - 0x00007fff77c79000 	C:\Windows\System32\SHCORE.dll
0x00007fff78f00000 - 0x00007fff78f5e000 	C:\Windows\System32\shlwapi.dll
0x00007fff766c0000 - 0x00007fff766eb000 	C:\Windows\SYSTEM32\profapi.dll
0x00007fff57f90000 - 0x00007fff57fa9000 	C:\Users\Trung\.p2\pool\plugins\org.eclipse.justj.openjdk.hotspot.jre.full.win32.x86_64_17.0.6.v20230204-1729\jre\bin\net.dll
0x00007fff6f250000 - 0x00007fff6f386000 	C:\Windows\SYSTEM32\WINHTTP.dll
0x00007fff75cf0000 - 0x00007fff75d59000 	C:\Windows\system32\mswsock.dll
0x00007fff57a00000 - 0x00007fff57a15000 	C:\Users\Trung\.p2\pool\plugins\org.eclipse.justj.openjdk.hotspot.jre.full.win32.x86_64_17.0.6.v20230204-1729\jre\bin\nio.dll
0x00007ffecdf40000 - 0x00007ffece0ce000 	C:\Users\Trung\.p2\pool\plugins\org.eclipse.justj.openjdk.hotspot.jre.full.win32.x86_64_17.0.6.v20230204-1729\jre\bin\awt.dll
0x00007fff6e1e0000 - 0x00007fff6e277000 	C:\Windows\SYSTEM32\apphelp.dll
0x00007fff71030000 - 0x00007fff710e1000 	C:\Windows\system32\uxtheme.dll
0x00007fff792d0000 - 0x00007fff79430000 	C:\Windows\System32\MSCTF.dll
0x00007fff77320000 - 0x00007fff774c5000 	C:\Windows\System32\ole32.dll
0x00007fff73840000 - 0x00007fff7386b000 	C:\Windows\system32\DWMAPI.DLL
0x00007fff1aeb0000 - 0x00007fff1af36000 	C:\Users\Trung\.p2\pool\plugins\org.eclipse.justj.openjdk.hotspot.jre.full.win32.x86_64_17.0.6.v20230204-1729\jre\bin\freetype.dll
0x00007ffec6a30000 - 0x00007ffec6af5000 	C:\Users\Trung\.p2\pool\plugins\org.eclipse.justj.openjdk.hotspot.jre.full.win32.x86_64_17.0.6.v20230204-1729\jre\bin\fontmanager.dll
0x00007fff59af0000 - 0x00007fff59bf0000 	C:\Windows\system32\opengl32.dll
0x00007fff59330000 - 0x00007fff5935d000 	C:\Windows\SYSTEM32\GLU32.dll
0x00007fff738b0000 - 0x00007fff738e7000 	C:\Windows\SYSTEM32\dxcore.dll
0x00007fff78e40000 - 0x00007fff78ef0000 	C:\Windows\System32\clbcatq.dll
0x00007fff70e00000 - 0x00007fff70fb0000 	C:\Windows\SYSTEM32\WindowsCodecs.dll
0x00007fff2bf60000 - 0x00007fff2bfbe000 	C:\Windows\system32\dataexchange.dll
0x00007fff68f20000 - 0x00007fff691c4000 	C:\Windows\system32\twinapi.appcore.dll
0x00007fff5d910000 - 0x00007fff5da55000 	C:\Windows\SYSTEM32\textinputframework.dll
0x00007fff6dc50000 - 0x00007fff6dd83000 	C:\Windows\SYSTEM32\CoreMessaging.dll
0x00007fff6ad40000 - 0x00007fff6b0ad000 	C:\Windows\SYSTEM32\CoreUIComponents.dll
0x00007fff76020000 - 0x00007fff7602c000 	C:\Windows\SYSTEM32\CRYPTBASE.DLL
0x00007fff44be0000 - 0x00007fff44bf1000 	C:\Users\Trung\.p2\pool\plugins\org.eclipse.justj.openjdk.hotspot.jre.full.win32.x86_64_17.0.6.v20230204-1729\jre\bin\jsound.dll
0x00007fff11960000 - 0x00007fff11a02000 	C:\Windows\SYSTEM32\DSOUND.dll
0x00007fff118a0000 - 0x00007fff11951000 	C:\Windows\SYSTEM32\ResampleDmo.DLL
0x00007fff755e0000 - 0x00007fff7562d000 	C:\Windows\SYSTEM32\powrprof.dll
0x00007fff454a0000 - 0x00007fff454c9000 	C:\Windows\SYSTEM32\winmmbase.dll
0x00007fff3b2f0000 - 0x00007fff3b2fb000 	C:\Windows\SYSTEM32\msdmo.dll
0x00007fff755c0000 - 0x00007fff755d3000 	C:\Windows\SYSTEM32\UMPDC.dll
0x00007fff627b0000 - 0x00007fff6284e000 	C:\Windows\System32\MMDevApi.dll
0x00007fff76450000 - 0x00007fff7647c000 	C:\Windows\System32\DEVOBJ.dll
0x00007fff76480000 - 0x00007fff764ce000 	C:\Windows\SYSTEM32\cfgmgr32.dll
0x00007ffed5710000 - 0x00007ffed5756000 	C:\Windows\SYSTEM32\wdmaud.drv
0x00007fff42e60000 - 0x00007fff42e69000 	C:\Windows\SYSTEM32\ksuser.dll
0x00007fff6f550000 - 0x00007fff6f55b000 	C:\Windows\SYSTEM32\AVRT.dll
0x00007fff5dab0000 - 0x00007fff5dc9d000 	C:\Windows\SYSTEM32\AUDIOSES.DLL
0x00007ffee2560000 - 0x00007ffee256e000 	C:\Windows\SYSTEM32\msacm32.drv
0x00007ffee2540000 - 0x00007ffee255e000 	C:\Windows\SYSTEM32\MSACM32.dll
0x00007ffed60d0000 - 0x00007ffed60db000 	C:\Windows\SYSTEM32\midimap.dll
0x00007fff73e60000 - 0x00007fff73e75000 	C:\Windows\SYSTEM32\resourcepolicyclient.dll
0x00007fff5d6a0000 - 0x00007fff5d819000 	C:\Windows\System32\Windows.UI.dll
0x00007ffec4b80000 - 0x00007ffec6a22000 	C:\Users\Trung\Downloads\opencv\build\java\x64\opencv_java310.dll
0x00007fff44b60000 - 0x00007fff44b84000 	C:\Windows\SYSTEM32\AVIFIL32.dll
0x00007fff42d80000 - 0x00007fff42d9a000 	C:\Windows\SYSTEM32\AVICAP32.dll
0x00007fff41d80000 - 0x00007fff41dab000 	C:\Windows\SYSTEM32\MSVFW32.dll
0x00007fff34150000 - 0x00007fff34171000 	C:\Windows\System32\devenum.dll
0x00007fff780c0000 - 0x00007fff78534000 	C:\Windows\System32\setupapi.dll
0x00007fff75990000 - 0x00007fff759c4000 	C:\Windows\SYSTEM32\ntmarta.dll
0x00007fff76b20000 - 0x00007fff76b8c000 	C:\Windows\System32\WINTRUST.dll
0x00007fff76790000 - 0x00007fff768f6000 	C:\Windows\System32\CRYPT32.dll
0x00007fff76430000 - 0x00007fff76442000 	C:\Windows\SYSTEM32\MSASN1.dll
0x00007fff40e70000 - 0x00007fff40ea9000 	C:\Windows\System32\qcap.dll
0x00007fff11c30000 - 0x00007fff11e17000 	C:\Windows\System32\quartz.dll
0x00007fff1ae70000 - 0x00007fff1aeab000 	C:\Windows\System32\mfksproxy.dll
0x00007fff1c8c0000 - 0x00007fff1c8de000 	C:\Windows\System32\ATL.DLL
0x00007fff6ea50000 - 0x00007fff6ec1e000 	C:\Windows\System32\MFPlat.DLL
0x00007fff6e8e0000 - 0x00007fff6e913000 	C:\Windows\System32\RTWorkQ.DLL
0x00007fff6eeb0000 - 0x00007fff6f24b000 	C:\Windows\System32\MFCORE.dll
0x00007fff256f0000 - 0x00007fff256f9000 	C:\Windows\SYSTEM32\DCIMAN32.DLL
0x00007fff2a4d0000 - 0x00007fff2a56e000 	C:\Windows\System32\FrameServerClient.dll
0x00007fff6f580000 - 0x00007fff6f5ff000 	C:\Windows\System32\MFSENSORGROUP.dll
0x00007fff41d30000 - 0x00007fff41d47000 	C:\Windows\SYSTEM32\vfwwdm32.dll
0x00007fff764f0000 - 0x00007fff764fa000 	C:\Windows\SYSTEM32\DPAPI.dll
0x00007fff29e50000 - 0x00007fff29ee5000 	C:\Windows\System32\Windows.Media.MediaControl.dll
0x00007fff5ad40000 - 0x00007fff5ae61000 	C:\Windows\System32\MFReadWrite.dll
0x00007fff44c10000 - 0x00007fff44c36000 	C:\Windows\System32\kswdmcap.ax
0x00007fff44e70000 - 0x00007fff44e7f000 	C:\Windows\System32\vidcap.ax
0x00007fff41240000 - 0x00007fff41255000 	C:\Windows\SYSTEM32\bdmjpeg64.dll
0x00007ffed0ba0000 - 0x00007ffed1032000 	C:\Program Files (x86)\BandiMPEG1\bdfilters64.dll
0x00007fff5ac80000 - 0x00007fff5ac9d000 	C:\Windows\SYSTEM32\OpenCL.dll
0x00007fff6ed60000 - 0x00007fff6eea4000 	C:\Windows\System32\AppXDeploymentClient.dll
0x00007fff73730000 - 0x00007fff73827000 	C:\Windows\SYSTEM32\dxgi.dll
0x00007fff6b4b0000 - 0x00007fff6b4f9000 	C:\Windows\SYSTEM32\directxdatabasehelper.dll
0x00007ffec3980000 - 0x00007ffec4b77000 	C:\Windows\System32\DriverStore\FileRepository\nvacegpu.inf_amd64_e34030d00c20947b\nvopencl64.dll
0x00007fff66d10000 - 0x00007fff66d42000 	C:\Windows\SYSTEM32\cryptnet.dll
0x00007fff650c0000 - 0x00007fff657b2000 	C:\Windows\SYSTEM32\nvapi64.dll
0x00007ffecb0b0000 - 0x00007ffecb62a000 	C:\Windows\System32\DriverStore\FileRepository\iigd_dch.inf_amd64_e31d62740aef2af9\igdrcl64.dll
0x00007fff66000000 - 0x00007fff663c1000 	C:\Windows\System32\DriverStore\FileRepository\iigd_dch.inf_amd64_e31d62740aef2af9\igdgmm64.dll
0x00007fff76040000 - 0x00007fff7605b000 	C:\Windows\SYSTEM32\CRYPTSP.dll
0x00007fff75800000 - 0x00007fff75835000 	C:\Windows\system32\rsaenh.dll
0x00007fff75d90000 - 0x00007fff75db8000 	C:\Windows\SYSTEM32\USERENV.dll
0x00007fff75270000 - 0x00007fff7529d000 	C:\Windows\SYSTEM32\IPHLPAPI.DLL
0x00007fff77c80000 - 0x00007fff77c89000 	C:\Windows\System32\NSI.dll
0x00007fff6f650000 - 0x00007fff6f669000 	C:\Windows\SYSTEM32\dhcpcsvc6.DLL
0x00007fff6f560000 - 0x00007fff6f57f000 	C:\Windows\SYSTEM32\dhcpcsvc.DLL
0x00007fff752e0000 - 0x00007fff753e2000 	C:\Windows\SYSTEM32\DNSAPI.dll

dbghelp: loaded successfully - version: 4.0.5 - missing functions: none
symbol engine: initialized successfully - sym options: 0x614 - pdb path: .;C:\Users\Trung\.p2\pool\plugins\org.eclipse.justj.openjdk.hotspot.jre.full.win32.x86_64_17.0.6.v20230204-1729\jre\bin;C:\Windows\SYSTEM32;C:\Windows\WinSxS\amd64_microsoft.windows.common-controls_6595b64144ccf1df_6.0.22621.4391_none_2715d37f73803e96;C:\Users\Trung\.p2\pool\plugins\org.eclipse.justj.openjdk.hotspot.jre.full.win32.x86_64_17.0.6.v20230204-1729\jre\bin\server;C:\Users\Trung\Downloads\opencv\build\java\x64;C:\Program Files (x86)\BandiMPEG1;C:\Windows\System32\DriverStore\FileRepository\nvacegpu.inf_amd64_e34030d00c20947b;C:\Windows\System32\DriverStore\FileRepository\iigd_dch.inf_amd64_e31d62740aef2af9

VM Arguments:
jvm_args: -Djava.library.path=C:\Users\Trung\Downloads\opencv\build\java\x64 -Dfile.encoding=UTF-8 -XX:+ShowCodeDetailsInExceptionMessages 
java_command: client.LoginForm
java_class_path (initial): D:\java-TCP-IP-chatApp-master\java-TCP-IP-chatApp-master\Client\build\classes;C:\Users\Trung\Downloads\opencv\build\java\opencv-310.jar
Launcher Type: SUN_STANDARD

[Global flags]
     intx CICompilerCount                          = 4                                         {product} {ergonomic}
     uint ConcGCThreads                            = 3                                         {product} {ergonomic}
     uint G1ConcRefinementThreads                  = 10                                        {product} {ergonomic}
   size_t G1HeapRegionSize                         = 1048576                                   {product} {ergonomic}
    uintx GCDrainStackTargetSize                   = 64                                        {product} {ergonomic}
   size_t InitialHeapSize                          = 132120576                                 {product} {ergonomic}
   size_t MarkStackSize                            = 4194304                                   {product} {ergonomic}
   size_t MaxHeapSize                              = 2090860544                                {product} {ergonomic}
   size_t MaxNewSize                               = 1254096896                                {product} {ergonomic}
   size_t MinHeapDeltaBytes                        = 1048576                                   {product} {ergonomic}
   size_t MinHeapSize                              = 8388608                                   {product} {ergonomic}
    uintx NonNMethodCodeHeapSize                   = 5839372                                {pd product} {ergonomic}
    uintx NonProfiledCodeHeapSize                  = 122909434                              {pd product} {ergonomic}
    uintx ProfiledCodeHeapSize                     = 122909434                              {pd product} {ergonomic}
    uintx ReservedCodeCacheSize                    = 251658240                              {pd product} {ergonomic}
     bool SegmentedCodeCache                       = true                                      {product} {ergonomic}
     bool ShowCodeDetailsInExceptionMessages       = true                                   {manageable} {command line}
   size_t SoftMaxHeapSize                          = 2090860544                             {manageable} {ergonomic}
     bool UseCompressedClassPointers               = true                           {product lp64_product} {ergonomic}
     bool UseCompressedOops                        = true                           {product lp64_product} {ergonomic}
     bool UseG1GC                                  = true                                      {product} {ergonomic}
     bool UseLargePagesIndividualAllocation        = false                                  {pd product} {ergonomic}

Logging:
Log output configuration:
 #0: stdout all=off uptime,level,tags
 #1: stderr all=off uptime,level,tags

Environment Variables:
PATH=C:/Users/Trung/.p2/pool/plugins/org.eclipse.justj.openjdk.hotspot.jre.full.win32.x86_64_17.0.6.v20230204-1729/jre/bin/server;C:/Users/Trung/.p2/pool/plugins/org.eclipse.justj.openjdk.hotspot.jre.full.win32.x86_64_17.0.6.v20230204-1729/jre/bin;C:\Program Files (x86)\VMware\VMware Workstation\bin\;C:\Program Files\Microsoft MPI\Bin\;C:\Program Files\Common Files\Oracle\Java\javapath;C:\Program Files (x86)\Common Files\Oracle\Java\java8path;C:\Program Files (x86)\Common Files\Oracle\Java\javapath;C:\Windows\system32;C:\Windows;C:\Windows\System32\Wbem;C:\Windows\System32\WindowsPowerShell\v1.0\;C:\Windows\System32\OpenSSH\;C:\MinGW\bin;C:\Program Files\Git\cmd;C:\Program Files\Microsoft SQL Server\Client SDK\ODBC\170\Tools\Binn\;C:\Program Files (x86)\dotnet\;C:\xampp\htdocs;C:\composer;C:\Program Files\nodejs\;C:\Program Files\dotnet\;C:\Program Files\Cloudflare\Cloudflare WARP\;C:\Program Files\Docker\Docker\resources\bin;C:\Program Files\Microsoft SQL Server\150\Tools\Binn\;C:\Program Files (x86)\Microsoft SQL Server\160\Tools\Binn\;C:\Program Files\Microsoft SQL Server\160\Tools\Binn\;C:\Program Files\Microsoft SQL Server\160\DTS\Binn\;C:\Program Files (x86)\Microsoft SQL Server\160\DTS\Binn\;C:\Program Files\Microsoft SQL Server\130\DTS\Binn\;C:\Program Files\Microsoft SQL Server\140\DTS\Binn\;C:\Program Files\Microsoft SQL Server\150\DTS\Binn\;C:\Users\Trung\AppData\Local\Programs\Python\Python312\Scripts\;C:\Users\Trung\AppData\Local\Programs\Python\Python312\;C:\Users\Trung\AppData\Local\Programs\Python\Launcher\;C:\Users\Trung\AppData\Local\Microsoft\WindowsApps;C:\xampp\php;C:\Users\Trung\AppData\Local\Programs\Microsoft VS Code\bin;C:\Program Files\JetBrains\IntelliJ IDEA Community Edition 2022.3.3\bin;;C:\Users\Trung\AppData\Local\GitHubDesktop\bin;C:\Program Files\JetBrains\PhpStorm 2023.2\bin;;C:\Users\Trung\AppData\Roaming\Composer\vendor\bin;C:\Users\Trung\AppData\Roaming\npm;C:\Users\Trung\.dotnet\tools;C:\Windows\system32;
USERNAME=Trung
OS=Windows_NT
PROCESSOR_IDENTIFIER=Intel64 Family 6 Model 141 Stepping 1, GenuineIntel
TMP=C:\Users\Trung\AppData\Local\Temp
TEMP=C:\Users\Trung\AppData\Local\Temp



---------------  S Y S T E M  ---------------

OS:
 Windows 11 , 64 bit Build 22621 (10.0.22621.4391)
OS uptime: 1 days 0:51 hours
Hyper-V role detected

CPU: total 12 (initial active 12) (6 cores per cpu, 2 threads per core) family 6 model 141 stepping 1 microcode 0x3c, cx8, cmov, fxsr, ht, mmx, 3dnowpref, sse, sse2, sse3, ssse3, sse4.1, sse4.2, popcnt, lzcnt, tsc, tscinvbit, avx, avx2, aes, erms, clmul, bmi1, bmi2, adx, avx512f, avx512dq, avx512cd, avx512bw, avx512vl, sha, fma, vzeroupper, avx512_vpopcntdq, avx512_vpclmulqdq, avx512_vaes, avx512_vnni, clflush, clflushopt, clwb, avx512_vbmi2, avx512_vbmi, hv

Memory: 4k page, system-wide physical 7971M (645M free)
TotalPageFile size 29710M (AvailPageFile size 3204M)
current process WorkingSet (physical memory assigned to process): 280M, peak: 288M
current process commit charge ("private bytes"): 423M, peak: 433M

vm_info: OpenJDK 64-Bit Server VM (17.0.6+10) for windows-amd64 JRE (17.0.6+10), built on Jan 18 2023 10:08:59 by "temurin" with MS VC++ 16.7 (VS2019)

END.
